Log file open, 07/15/20 15:08:20
LogInit: Display: Running engine for game: SkyLand_Wyspa_mażeń
LogPlatformFile: Not using cached read wrapper
LogTaskGraph: Started task graph with 5 named threads and 14 total threads with 3 sets of task threads.
LogStats: Stats thread started at 35.575520
LogD3D11RHI: Loaded GFSDK_Aftermath_Lib.x64.dll
LogICUInternationalization: ICU TimeZone Detection - Raw Offset: +1:00, Platform Override: ''
LogPluginManager: Mounting plugin Paper2D
LogPluginManager: Mounting plugin AISupport
LogPluginManager: Mounting plugin LightPropagationVolume
LogPluginManager: Mounting plugin CameraShakePreviewer
LogPluginManager: Mounting plugin ActorLayerUtilities
LogPluginManager: Mounting plugin AnimationSharing
LogPluginManager: Mounting plugin CLionSourceCodeAccess
LogPluginManager: Mounting plugin CodeLiteSourceCodeAccess
LogPluginManager: Mounting plugin GitSourceControl
LogPluginManager: Mounting plugin KDevelopSourceCodeAccess
LogPluginManager: Mounting plugin NullSourceCodeAccess
LogPluginManager: Mounting plugin PerforceSourceControl
LogPluginManager: Mounting plugin PlasticSourceControl
LogPluginManager: Mounting plugin RiderSourceCodeAccess
LogPluginManager: Mounting plugin SubversionSourceControl
LogPluginManager: Mounting plugin UObjectPlugin
LogPluginManager: Mounting plugin VisualStudioCodeSourceCodeAccess
LogPluginManager: Mounting plugin VisualStudioSourceCodeAccess
LogPluginManager: Mounting plugin XCodeSourceCodeAccess
LogPluginManager: Mounting plugin AssetManagerEditor
LogPluginManager: Mounting plugin CryptoKeys
LogPluginManager: Mounting plugin CurveEditorTools
LogPluginManager: Mounting plugin DataValidation
LogPluginManager: Mounting plugin EditorScriptingUtilities
LogPluginManager: Mounting plugin FacialAnimation
LogPluginManager: Mounting plugin GameplayTagsEditor
LogPluginManager: Mounting plugin GeometryMode
LogPluginManager: Mounting plugin MacGraphicsSwitching
LogPluginManager: Mounting plugin MaterialAnalyzer
LogPluginManager: Mounting plugin MobileLauncherProfileWizard
LogPluginManager: Mounting plugin PluginBrowser
LogPluginManager: Mounting plugin SpeedTreeImporter
LogPluginManager: Mounting plugin DatasmithContent
LogPluginManager: Mounting plugin VariantManagerContent
LogPluginManager: Mounting plugin AlembicImporter
LogPluginManager: Mounting plugin AutomationUtils
LogPluginManager: Mounting plugin BackChannel
LogPluginManager: Mounting plugin ChaosCloth
LogPluginManager: Mounting plugin ChaosClothEditor
LogPluginManager: Mounting plugin ChaosEditor
LogPluginManager: Mounting plugin ChaosNiagara
LogPluginManager: Mounting plugin ChaosSolverPlugin
LogPluginManager: Mounting plugin CharacterAI
LogPluginManager: Mounting plugin GeometryCache
LogPluginManager: Mounting plugin GeometryCollectionPlugin
LogPluginManager: Mounting plugin GeometryProcessing
LogPluginManager: Mounting plugin PlanarCut
LogPluginManager: Mounting plugin PlatformCrypto
LogPluginManager: Mounting plugin ProxyLODPlugin
LogPluginManager: Mounting plugin SkeletalReduction
LogPluginManager: Mounting plugin Niagara
LogPluginManager: Mounting plugin MagicLeap
LogPluginManager: Mounting plugin MagicLeapLightEstimation
LogPluginManager: Mounting plugin MagicLeapMedia
LogPluginManager: Mounting plugin MagicLeapPassableWorld
LogPluginManager: Mounting plugin MLSDK
LogPluginManager: Mounting plugin AndroidMedia
LogPluginManager: Mounting plugin AvfMedia
LogPluginManager: Mounting plugin ImgMedia
LogPluginManager: Mounting plugin MediaCompositing
LogPluginManager: Mounting plugin MediaPlayerEditor
LogPluginManager: Mounting plugin WebMMedia
LogPluginManager: Mounting plugin WmfMedia
LogPluginManager: Mounting plugin MeshPainting
LogPluginManager: Mounting plugin TcpMessaging
LogPluginManager: Mounting plugin UdpMessaging
LogPluginManager: Mounting plugin ActorSequence
LogPluginManager: Mounting plugin LevelSequenceEditor
LogPluginManager: Mounting plugin MatineeToLevelSequence
LogPluginManager: Mounting plugin MovieRenderPipeline
LogPluginManager: Mounting plugin TemplateSequence
LogPluginManager: Mounting plugin NetcodeUnitTest
LogPluginManager: Mounting plugin NUTUnrealEngine4
LogPluginManager: Mounting plugin OnlineSubsystemGooglePlay
LogPluginManager: Mounting plugin OnlineSubsystemIOS
LogPluginManager: Mounting plugin OnlineSubsystem
LogPluginManager: Mounting plugin OnlineSubsystemNull
LogPluginManager: Mounting plugin OnlineSubsystemUtils
LogPluginManager: Mounting plugin LauncherChunkInstaller
LogPluginManager: Mounting plugin AndroidDeviceProfileSelector
LogPluginManager: Mounting plugin AndroidMoviePlayer
LogPluginManager: Mounting plugin AndroidPermission
LogPluginManager: Mounting plugin AppleImageUtils
LogPluginManager: Mounting plugin AppleMoviePlayer
LogPluginManager: Mounting plugin ArchVisCharacter
LogPluginManager: Mounting plugin AssetTags
LogPluginManager: Mounting plugin AudioCapture
LogPluginManager: Mounting plugin CableComponent
LogPluginManager: Mounting plugin CustomMeshComponent
LogPluginManager: Mounting plugin EditableMesh
LogPluginManager: Mounting plugin ExampleDeviceProfileSelector
LogPluginManager: Mounting plugin GoogleCloudMessaging
LogPluginManager: Mounting plugin GooglePAD
LogPluginManager: Mounting plugin IOSDeviceProfileSelector
LogPluginManager: Mounting plugin LinuxDeviceProfileSelector
LogPluginManager: Mounting plugin LocationServicesBPLibrary
LogPluginManager: Mounting plugin MobilePatchingUtils
LogPluginManager: Mounting plugin OculusVR
LogPluginManager: Mounting plugin PhysXVehicles
LogPluginManager: Mounting plugin PostSplashScreen
LogPluginManager: Mounting plugin ProceduralMeshComponent
LogPluginManager: Mounting plugin RuntimePhysXCooking
LogPluginManager: Mounting plugin SignificanceManager
LogPluginManager: Mounting plugin SoundFields
LogPluginManager: Mounting plugin SteamVR
LogPluginManager: Mounting plugin Synthesis
LogPluginManager: Mounting plugin WebMMoviePlayer
LogPluginManager: Mounting plugin WindowsMoviePlayer
LogPluginManager: Mounting plugin ScreenshotTools
LogInit: Using libcurl 7.55.1-DEV
LogInit:  - built for x86_64-pc-win32
LogInit:  - supports SSL with OpenSSL/1.1.1
LogInit:  - supports HTTP deflate (compression) using libz 1.2.8
LogInit:  - other features:
LogInit:      CURL_VERSION_SSL
LogInit:      CURL_VERSION_LIBZ
LogInit:      CURL_VERSION_IPV6
LogInit:      CURL_VERSION_ASYNCHDNS
LogInit:      CURL_VERSION_LARGEFILE
LogInit:      CURL_VERSION_IDN
LogInit:  CurlRequestOptions (configurable via config and command line):
LogInit:  - bVerifyPeer = true  - Libcurl will verify peer certificate
LogInit:  - bUseHttpProxy = false  - Libcurl will NOT use HTTP proxy
LogInit:  - bDontReuseConnections = false  - Libcurl will reuse connections
LogInit:  - MaxHostConnections = 16  - Libcurl will limit the number of connections to a host
LogInit:  - LocalHostAddr = Default
LogInit:  - BufferSize = 65536
LogOnline: OSS: Creating online subsystem instance for: NULL
LogInit: WinSock: version 1.1 (2.2), MaxSocks=32767, MaxUdp=65467
LogOnline: OSS: TryLoadSubsystemAndSetDefault: Loaded subsystem for module [NULL]
LogInit: Build: ++UE4+Release-4.25-CL-13594126
LogInit: Engine Version: 4.25.1-13594126+++UE4+Release-4.25
LogInit: Compatible Engine Version: 4.25.0-13144385+++UE4+Release-4.25
LogInit: Net CL: 13144385
LogInit: OS: Windows 10 (Release 1909) (), CPU: AMD A6-7310 APU with AMD Radeon R4 Graphics    , GPU: AMD Radeon(TM) R4 Graphics
LogInit: Compiled (64-bit): Jun  2 2020 02:10:36
LogInit: Compiled with Visual C++: 19.24.28315.00
LogInit: Build Configuration: Development
LogInit: Branch Name: ++UE4+Release-4.25
LogInit: Command Line: 
LogInit: Base Directory: C:/Program Files/Epic Games/UE_4.25/Engine/Binaries/Win64/
LogInit: Allocator: TBB
LogInit: Installed Engine Build: 1
LogDevObjectVersion: Number of dev versions registered: 26
LogDevObjectVersion:   Dev-Blueprints (B0D832E4-1F89-4F0D-ACCF-7EB736FD4AA2): 10
LogDevObjectVersion:   Dev-Build (E1C64328-A22C-4D53-A36C-8E866417BD8C): 0
LogDevObjectVersion:   Dev-Core (375EC13C-06E4-48FB-B500-84F0262A717E): 4
LogDevObjectVersion:   Dev-Editor (E4B068ED-F494-42E9-A231-DA0B2E46BB41): 38
LogDevObjectVersion:   Dev-Framework (CFFC743F-43B0-4480-9391-14DF171D2073): 37
LogDevObjectVersion:   Dev-Mobile (B02B49B5-BB20-44E9-A304-32B752E40360): 2
LogDevObjectVersion:   Dev-Networking (A4E4105C-59A1-49B5-A7C5-40C4547EDFEE): 0
LogDevObjectVersion:   Dev-Online (39C831C9-5AE6-47DC-9A44-9C173E1C8E7C): 0
LogDevObjectVersion:   Dev-Physics (78F01B33-EBEA-4F98-B9B4-84EACCB95AA2): 4
LogDevObjectVersion:   Dev-Platform (6631380F-2D4D-43E0-8009-CF276956A95A): 0
LogDevObjectVersion:   Dev-Rendering (12F88B9F-8875-4AFC-A67C-D90C383ABD29): 43
LogDevObjectVersion:   Dev-Sequencer (7B5AE74C-D270-4C10-A958-57980B212A5A): 12
LogDevObjectVersion:   Dev-VR (D7296918-1DD6-4BDD-9DE2-64A83CC13884): 3
LogDevObjectVersion:   Dev-LoadTimes (C2A15278-BFE7-4AFE-6C17-90FF531DF755): 1
LogDevObjectVersion:   Private-Geometry (6EACA3D4-40EC-4CC1-B786-8BED09428FC5): 3
LogDevObjectVersion:   Dev-AnimPhys (29E575DD-E0A3-4627-9D10-D276232CDCEA): 17
LogDevObjectVersion:   Dev-Anim (AF43A65D-7FD3-4947-9873-3E8ED9C1BB05): 7
LogDevObjectVersion:   Dev-ReflectionCapture (6B266CEC-1EC7-4B8F-A30B-E4D90942FC07): 1
LogDevObjectVersion:   Dev-Automation (0DF73D61-A23F-47EA-B727-89E90C41499A): 1
LogDevObjectVersion:   FortniteMain (601D1886-AC64-4F84-AA16-D3DE0DEAC7D6): 31
LogDevObjectVersion:   Dev-Enterprise (9DFFBCD6-494F-0158-E221-12823C92A888): 10
LogDevObjectVersion:   Dev-Niagara (F2AED0AC-9AFE-416F-8664-AA7FFA26D6FC): 1
LogDevObjectVersion:   Dev-Destruction (174F1F0B-B4C6-45A5-B13F-2EE8D0FB917D): 10
LogDevObjectVersion:   Dev-Physics-Ext (35F94A83-E258-406C-A318-09F59610247C): 37
LogDevObjectVersion:   Dev-PhysicsMaterial-Chaos (B68FC16E-8B1B-42E2-B453-215C058844FE): 1
LogDevObjectVersion:   Dev-CineCamera (B2E18506-4273-CFC2-A54E-F4BB758BBA07): 1
LogInit: Presizing for max 25165824 objects, including 0 objects not considered by GC, pre-allocating 0 bytes for permanent pool.
LogConfig: Applying CVar settings from Section [/Script/Engine.StreamingSettings] File [C:/GitHub/SkyLand_Wyspa_Mazen/Gra/SkyLand_Wyspa_mażeń/Saved/Config/Windows/Engine.ini]
LogConfig: Setting CVar [[s.MinBulkDataSizeForAsyncLoading:131072]]
LogConfig: Setting CVar [[s.AsyncLoadingThreadEnabled:0]]
LogConfig: Setting CVar [[s.EventDrivenLoaderEnabled:1]]
LogConfig: Setting CVar [[s.WarnIfTimeLimitExceeded:0]]
LogConfig: Setting CVar [[s.TimeLimitExceededMultiplier:1.5]]
LogConfig: Setting CVar [[s.TimeLimitExceededMinTime:0.005]]
LogConfig: Setting CVar [[s.UseBackgroundLevelStreaming:1]]
LogConfig: Setting CVar [[s.PriorityAsyncLoadingExtraTime:15.0]]
LogConfig: Setting CVar [[s.LevelStreamingActorsUpdateTimeLimit:5.0]]
LogConfig: Setting CVar [[s.PriorityLevelStreamingActorsUpdateExtraTime:5.0]]
LogConfig: Setting CVar [[s.LevelStreamingComponentsRegistrationGranularity:10]]
LogConfig: Setting CVar [[s.UnregisterComponentsTimeLimit:1.0]]
LogConfig: Setting CVar [[s.LevelStreamingComponentsUnregistrationGranularity:5]]
LogConfig: Setting CVar [[s.FlushStreamingOnExit:1]]
LogInit: Object subsystem initialized
LogConfig: Setting CVar [[con.DebugEarlyDefault:1]]
LogConfig: Setting CVar [[r.setres:1280x720]]
[2020.07.15-13.08.24:589][  0]LogConfig: Setting CVar [[r.VSync:0]]
[2020.07.15-13.08.24:589][  0]LogConfig: Setting CVar [[r.RHICmdBypass:0]]
[2020.07.15-13.08.24:589][  0]LogConfig: Applying CVar settings from Section [/Script/Engine.RendererSettings] File [C:/GitHub/SkyLand_Wyspa_Mazen/Gra/SkyLand_Wyspa_mażeń/Saved/Config/Windows/Engine.ini]
[2020.07.15-13.08.24:589][  0]LogConfig: Setting CVar [[r.GPUCrashDebugging:0]]
[2020.07.15-13.08.24:589][  0]LogConfig: Applying CVar settings from Section [/Script/Engine.RendererOverrideSettings] File [C:/GitHub/SkyLand_Wyspa_Mazen/Gra/SkyLand_Wyspa_mażeń/Saved/Config/Windows/Engine.ini]
[2020.07.15-13.08.24:589][  0]LogConfig: Applying CVar settings from Section [/Script/Engine.StreamingSettings] File [C:/GitHub/SkyLand_Wyspa_Mazen/Gra/SkyLand_Wyspa_mażeń/Saved/Config/Windows/Engine.ini]
[2020.07.15-13.08.24:589][  0]LogConfig: Setting CVar [[s.MinBulkDataSizeForAsyncLoading:131072]]
[2020.07.15-13.08.24:589][  0]LogConfig: Setting CVar [[s.AsyncLoadingThreadEnabled:0]]
[2020.07.15-13.08.24:589][  0]LogConfig: Setting CVar [[s.EventDrivenLoaderEnabled:1]]
[2020.07.15-13.08.24:589][  0]LogConfig: Setting CVar [[s.WarnIfTimeLimitExceeded:0]]
[2020.07.15-13.08.24:589][  0]LogConfig: Setting CVar [[s.TimeLimitExceededMultiplier:1.5]]
[2020.07.15-13.08.24:589][  0]LogConfig: Setting CVar [[s.TimeLimitExceededMinTime:0.005]]
[2020.07.15-13.08.24:590][  0]LogConfig: Setting CVar [[s.UseBackgroundLevelStreaming:1]]
[2020.07.15-13.08.24:590][  0]LogConfig: Setting CVar [[s.PriorityAsyncLoadingExtraTime:15.0]]
[2020.07.15-13.08.24:590][  0]LogConfig: Setting CVar [[s.LevelStreamingActorsUpdateTimeLimit:5.0]]
[2020.07.15-13.08.24:590][  0]LogConfig: Setting CVar [[s.PriorityLevelStreamingActorsUpdateExtraTime:5.0]]
[2020.07.15-13.08.24:590][  0]LogConfig: Setting CVar [[s.LevelStreamingComponentsRegistrationGranularity:10]]
[2020.07.15-13.08.24:590][  0]LogConfig: Setting CVar [[s.UnregisterComponentsTimeLimit:1.0]]
[2020.07.15-13.08.24:590][  0]LogConfig: Setting CVar [[s.LevelStreamingComponentsUnregistrationGranularity:5]]
[2020.07.15-13.08.24:590][  0]LogConfig: Setting CVar [[s.FlushStreamingOnExit:1]]
[2020.07.15-13.08.24:590][  0]LogConfig: Applying CVar settings from Section [/Script/Engine.GarbageCollectionSettings] File [C:/GitHub/SkyLand_Wyspa_Mazen/Gra/SkyLand_Wyspa_mażeń/Saved/Config/Windows/Engine.ini]
[2020.07.15-13.08.24:590][  0]LogConfig: Setting CVar [[gc.MaxObjectsNotConsideredByGC:1]]
[2020.07.15-13.08.24:590][  0]LogConfig: Setting CVar [[gc.SizeOfPermanentObjectPool:0]]
[2020.07.15-13.08.24:590][  0]LogConfig: Setting CVar [[gc.FlushStreamingOnGC:0]]
[2020.07.15-13.08.24:590][  0]LogConfig: Setting CVar [[gc.NumRetriesBeforeForcingGC:10]]
[2020.07.15-13.08.24:590][  0]LogConfig: Setting CVar [[gc.AllowParallelGC:1]]
[2020.07.15-13.08.24:590][  0]LogConfig: Setting CVar [[gc.TimeBetweenPurgingPendingKillObjects:61.1]]
[2020.07.15-13.08.24:590][  0]LogConfig: Setting CVar [[gc.MaxObjectsInEditor:25165824]]
[2020.07.15-13.08.24:590][  0]LogConfig: Setting CVar [[gc.IncrementalBeginDestroyEnabled:1]]
[2020.07.15-13.08.24:590][  0]LogConfig: Setting CVar [[gc.CreateGCClusters:1]]
[2020.07.15-13.08.24:590][  0]LogConfig: Setting CVar [[gc.MinGCClusterSize:5]]
[2020.07.15-13.08.24:590][  0]LogConfig: Setting CVar [[gc.ActorClusteringEnabled:0]]
[2020.07.15-13.08.24:590][  0]LogConfig: Setting CVar [[gc.BlueprintClusteringEnabled:0]]
[2020.07.15-13.08.24:591][  0]LogConfig: Setting CVar [[gc.UseDisregardForGCOnDedicatedServers:0]]
[2020.07.15-13.08.24:591][  0]LogConfig: Applying CVar settings from Section [/Script/Engine.NetworkSettings] File [C:/GitHub/SkyLand_Wyspa_Mazen/Gra/SkyLand_Wyspa_mażeń/Saved/Config/Windows/Engine.ini]
[2020.07.15-13.08.24:591][  0]LogConfig: Applying CVar settings from Section [/Script/UnrealEd.CookerSettings] File [C:/GitHub/SkyLand_Wyspa_Mazen/Gra/SkyLand_Wyspa_mażeń/Saved/Config/Windows/Engine.ini]
[2020.07.15-13.08.24:601][  0]LogConfig: Applying CVar settings from Section [ViewDistanceQuality@3] File [C:/GitHub/SkyLand_Wyspa_Mazen/Gra/SkyLand_Wyspa_mażeń/Saved/Config/Windows/Scalability.ini]
[2020.07.15-13.08.24:601][  0]LogConfig: Setting CVar [[r.SkeletalMeshLODBias:0]]
[2020.07.15-13.08.24:601][  0]LogConfig: Setting CVar [[r.ViewDistanceScale:1.0]]
[2020.07.15-13.08.24:601][  0]LogConfig: Applying CVar settings from Section [AntiAliasingQuality@3] File [C:/GitHub/SkyLand_Wyspa_Mazen/Gra/SkyLand_Wyspa_mażeń/Saved/Config/Windows/Scalability.ini]
[2020.07.15-13.08.24:601][  0]LogConfig: Setting CVar [[r.PostProcessAAQuality:4]]
[2020.07.15-13.08.24:601][  0]LogConfig: Applying CVar settings from Section [ShadowQuality@3] File [C:/GitHub/SkyLand_Wyspa_Mazen/Gra/SkyLand_Wyspa_mażeń/Saved/Config/Windows/Scalability.ini]
[2020.07.15-13.08.24:601][  0]LogConfig: Setting CVar [[r.LightFunctionQuality:1]]
[2020.07.15-13.08.24:601][  0]LogConfig: Setting CVar [[r.ShadowQuality:5]]
[2020.07.15-13.08.24:601][  0]LogConfig: Setting CVar [[r.Shadow.CSM.MaxCascades:10]]
[2020.07.15-13.08.24:601][  0]LogConfig: Setting CVar [[r.Shadow.MaxResolution:2048]]
[2020.07.15-13.08.24:601][  0]LogConfig: Setting CVar [[r.Shadow.MaxCSMResolution:2048]]
[2020.07.15-13.08.24:602][  0]LogConfig: Setting CVar [[r.Shadow.RadiusThreshold:0.01]]
[2020.07.15-13.08.24:602][  0]LogConfig: Setting CVar [[r.Shadow.DistanceScale:1.0]]
[2020.07.15-13.08.24:602][  0]LogConfig: Setting CVar [[r.Shadow.CSM.TransitionScale:1.0]]
[2020.07.15-13.08.24:602][  0]LogConfig: Setting CVar [[r.Shadow.PreShadowResolutionFactor:1.0]]
[2020.07.15-13.08.24:602][  0]LogConfig: Setting CVar [[r.DistanceFieldShadowing:1]]
[2020.07.15-13.08.24:602][  0]LogConfig: Setting CVar [[r.DistanceFieldAO:1]]
[2020.07.15-13.08.24:602][  0]LogConfig: Setting CVar [[r.AOQuality:2]]
[2020.07.15-13.08.24:602][  0]LogConfig: Setting CVar [[r.VolumetricFog:1]]
[2020.07.15-13.08.24:602][  0]LogConfig: Setting CVar [[r.VolumetricFog.GridPixelSize:8]]
[2020.07.15-13.08.24:602][  0]LogConfig: Setting CVar [[r.VolumetricFog.GridSizeZ:128]]
[2020.07.15-13.08.24:602][  0]LogConfig: Setting CVar [[r.VolumetricFog.HistoryMissSupersampleCount:4]]
[2020.07.15-13.08.24:602][  0]LogConfig: Setting CVar [[r.LightMaxDrawDistanceScale:1]]
[2020.07.15-13.08.24:602][  0]LogConfig: Setting CVar [[r.CapsuleShadows:1]]
[2020.07.15-13.08.24:602][  0]LogConfig: Applying CVar settings from Section [PostProcessQuality@3] File [C:/GitHub/SkyLand_Wyspa_Mazen/Gra/SkyLand_Wyspa_mażeń/Saved/Config/Windows/Scalability.ini]
[2020.07.15-13.08.24:602][  0]LogConfig: Setting CVar [[r.MotionBlurQuality:4]]
[2020.07.15-13.08.24:602][  0]LogConfig: Setting CVar [[r.AmbientOcclusionMipLevelFactor:0.4]]
[2020.07.15-13.08.24:602][  0]LogConfig: Setting CVar [[r.AmbientOcclusionMaxQuality:100]]
[2020.07.15-13.08.24:602][  0]LogConfig: Setting CVar [[r.AmbientOcclusionLevels:-1]]
[2020.07.15-13.08.24:602][  0]LogConfig: Setting CVar [[r.AmbientOcclusionRadiusScale:1.0]]
[2020.07.15-13.08.24:602][  0]LogConfig: Setting CVar [[r.DepthOfFieldQuality:2]]
[2020.07.15-13.08.24:603][  0]LogConfig: Setting CVar [[r.RenderTargetPoolMin:400]]
[2020.07.15-13.08.24:603][  0]LogConfig: Setting CVar [[r.LensFlareQuality:2]]
[2020.07.15-13.08.24:603][  0]LogConfig: Setting CVar [[r.SceneColorFringeQuality:1]]
[2020.07.15-13.08.24:603][  0]LogConfig: Setting CVar [[r.EyeAdaptationQuality:2]]
[2020.07.15-13.08.24:603][  0]LogConfig: Setting CVar [[r.BloomQuality:5]]
[2020.07.15-13.08.24:603][  0]LogConfig: Setting CVar [[r.FastBlurThreshold:100]]
[2020.07.15-13.08.24:603][  0]LogConfig: Setting CVar [[r.Upscale.Quality:3]]
[2020.07.15-13.08.24:603][  0]LogConfig: Setting CVar [[r.Tonemapper.GrainQuantization:1]]
[2020.07.15-13.08.24:603][  0]LogConfig: Setting CVar [[r.LightShaftQuality:1]]
[2020.07.15-13.08.24:603][  0]LogConfig: Setting CVar [[r.Filter.SizeScale:1]]
[2020.07.15-13.08.24:603][  0]LogConfig: Setting CVar [[r.Tonemapper.Quality:5]]
[2020.07.15-13.08.24:603][  0]LogConfig: Setting CVar [[r.DOF.Gather.AccumulatorQuality:1        ; higher gathering accumulator quality]]
[2020.07.15-13.08.24:603][  0]LogConfig: Setting CVar [[r.DOF.Gather.PostfilterMethod:1          ; Median3x3 postfilering method]]
[2020.07.15-13.08.24:603][  0]LogConfig: Setting CVar [[r.DOF.Gather.EnableBokehSettings:0       ; no bokeh simulation when gathering]]
[2020.07.15-13.08.24:603][  0]LogConfig: Setting CVar [[r.DOF.Gather.RingCount:4                 ; medium number of samples when gathering]]
[2020.07.15-13.08.24:603][  0]LogConfig: Setting CVar [[r.DOF.Scatter.ForegroundCompositing:1    ; additive foreground scattering]]
[2020.07.15-13.08.24:603][  0]LogConfig: Setting CVar [[r.DOF.Scatter.BackgroundCompositing:2    ; additive background scattering]]
[2020.07.15-13.08.24:603][  0]LogConfig: Setting CVar [[r.DOF.Scatter.EnableBokehSettings:1      ; bokeh simulation when scattering]]
[2020.07.15-13.08.24:603][  0]LogConfig: Setting CVar [[r.DOF.Scatter.MaxSpriteRatio:0.1         ; only a maximum of 10% of scattered bokeh]]
[2020.07.15-13.08.24:603][  0]LogConfig: Setting CVar [[r.DOF.Recombine.Quality:1                ; cheap slight out of focus]]
[2020.07.15-13.08.24:604][  0]LogConfig: Setting CVar [[r.DOF.Recombine.EnableBokehSettings:0    ; no bokeh simulation on slight out of focus]]
[2020.07.15-13.08.24:604][  0]LogConfig: Setting CVar [[r.DOF.TemporalAAQuality:1                ; more stable temporal accumulation]]
[2020.07.15-13.08.24:604][  0]LogConfig: Setting CVar [[r.DOF.Kernel.MaxForegroundRadius:0.025]]
[2020.07.15-13.08.24:604][  0]LogConfig: Setting CVar [[r.DOF.Kernel.MaxBackgroundRadius:0.025]]
[2020.07.15-13.08.24:604][  0]LogConfig: Applying CVar settings from Section [TextureQuality@3] File [C:/GitHub/SkyLand_Wyspa_Mazen/Gra/SkyLand_Wyspa_mażeń/Saved/Config/Windows/Scalability.ini]
[2020.07.15-13.08.24:604][  0]LogConfig: Setting CVar [[r.Streaming.MipBias:0]]
[2020.07.15-13.08.24:604][  0]LogConfig: Setting CVar [[r.Streaming.AmortizeCPUToGPUCopy:0]]
[2020.07.15-13.08.24:604][  0]LogConfig: Setting CVar [[r.Streaming.MaxNumTexturesToStreamPerFrame:0]]
[2020.07.15-13.08.24:604][  0]LogConfig: Setting CVar [[r.Streaming.Boost:1]]
[2020.07.15-13.08.24:604][  0]LogConfig: Setting CVar [[r.MaxAnisotropy:8]]
[2020.07.15-13.08.24:604][  0]LogConfig: Setting CVar [[r.VT.MaxAnisotropy:8]]
[2020.07.15-13.08.24:604][  0]LogConfig: Setting CVar [[r.Streaming.LimitPoolSizeToVRAM:0]]
[2020.07.15-13.08.24:604][  0]LogConfig: Setting CVar [[r.Streaming.PoolSize:1000]]
[2020.07.15-13.08.24:604][  0]LogConfig: Setting CVar [[r.Streaming.MaxEffectiveScreenSize:0]]
[2020.07.15-13.08.24:604][  0]LogConfig: Applying CVar settings from Section [EffectsQuality@3] File [C:/GitHub/SkyLand_Wyspa_Mazen/Gra/SkyLand_Wyspa_mażeń/Saved/Config/Windows/Scalability.ini]
[2020.07.15-13.08.24:604][  0]LogConfig: Setting CVar [[r.TranslucencyLightingVolumeDim:64]]
[2020.07.15-13.08.24:604][  0]LogConfig: Setting CVar [[r.RefractionQuality:2]]
[2020.07.15-13.08.24:604][  0]LogConfig: Setting CVar [[r.SSR.Quality:3]]
[2020.07.15-13.08.24:604][  0]LogConfig: Setting CVar [[r.SSR.HalfResSceneColor:0]]
[2020.07.15-13.08.24:604][  0]LogConfig: Setting CVar [[r.SceneColorFormat:4]]
[2020.07.15-13.08.24:605][  0]LogConfig: Setting CVar [[r.DetailMode:2]]
[2020.07.15-13.08.24:605][  0]LogConfig: Setting CVar [[r.TranslucencyVolumeBlur:1]]
[2020.07.15-13.08.24:605][  0]LogConfig: Setting CVar [[r.MaterialQualityLevel:1 ; High quality]]
[2020.07.15-13.08.24:605][  0]LogConfig: Setting CVar [[r.SSS.Scale:1]]
[2020.07.15-13.08.24:605][  0]LogConfig: Setting CVar [[r.SSS.SampleSet:2]]
[2020.07.15-13.08.24:605][  0]LogConfig: Setting CVar [[r.SSS.Quality:1]]
[2020.07.15-13.08.24:605][  0]LogConfig: Setting CVar [[r.SSS.HalfRes:0]]
[2020.07.15-13.08.24:605][  0]LogConfig: Setting CVar [[r.SSGI.Quality:3]]
[2020.07.15-13.08.24:605][  0]LogConfig: Setting CVar [[r.EmitterSpawnRateScale:1.0]]
[2020.07.15-13.08.24:605][  0]LogConfig: Setting CVar [[r.ParticleLightQuality:2]]
[2020.07.15-13.08.24:605][  0]LogConfig: Setting CVar [[r.SkyAtmosphere.AerialPerspectiveLUT.FastApplyOnOpaque:1 ; Always have FastSkyLUT 1 in this case to avoid wrong sky]]
[2020.07.15-13.08.24:605][  0]LogConfig: Setting CVar [[r.SkyAtmosphere.AerialPerspectiveLUT.SampleCountPerSlice:1]]
[2020.07.15-13.08.24:605][  0]LogConfig: Setting CVar [[r.SkyAtmosphere.AerialPerspectiveLUT.DepthResolution:16.0]]
[2020.07.15-13.08.24:605][  0]LogConfig: Setting CVar [[r.SkyAtmosphere.FastSkyLUT:1]]
[2020.07.15-13.08.24:605][  0]LogConfig: Setting CVar [[r.SkyAtmosphere.FastSkyLUT.SampleCountMin:4.0]]
[2020.07.15-13.08.24:605][  0]LogConfig: Setting CVar [[r.SkyAtmosphere.FastSkyLUT.SampleCountMax:32.0]]
[2020.07.15-13.08.24:605][  0]LogConfig: Setting CVar [[r.SkyAtmosphere.SampleCountMin:4.0]]
[2020.07.15-13.08.24:605][  0]LogConfig: Setting CVar [[r.SkyAtmosphere.SampleCountMax:32.0]]
[2020.07.15-13.08.24:605][  0]LogConfig: Setting CVar [[r.SkyAtmosphere.TransmittanceLUT.UseSmallFormat:0]]
[2020.07.15-13.08.24:605][  0]LogConfig: Setting CVar [[r.SkyAtmosphere.TransmittanceLUT.SampleCount:10.0]]
[2020.07.15-13.08.24:605][  0]LogConfig: Setting CVar [[r.SkyAtmosphere.MultiScatteringLUT.SampleCount:15.0]]
[2020.07.15-13.08.24:606][  0]LogConfig: Applying CVar settings from Section [FoliageQuality@3] File [C:/GitHub/SkyLand_Wyspa_Mazen/Gra/SkyLand_Wyspa_mażeń/Saved/Config/Windows/Scalability.ini]
[2020.07.15-13.08.24:606][  0]LogConfig: Setting CVar [[foliage.DensityScale:1.0]]
[2020.07.15-13.08.24:606][  0]LogConfig: Setting CVar [[grass.DensityScale:1.0]]
[2020.07.15-13.08.24:606][  0]LogConfig: Applying CVar settings from Section [ShadingQuality@3] File [C:/GitHub/SkyLand_Wyspa_Mazen/Gra/SkyLand_Wyspa_mażeń/Saved/Config/Windows/Scalability.ini]
[2020.07.15-13.08.24:606][  0]LogConfig: Setting CVar [[r.HairStrands.SkyLighting.SampleCount:16]]
[2020.07.15-13.08.24:606][  0]LogConfig: Setting CVar [[r.HairStrands.SkyLighting.JitterIntegration:0]]
[2020.07.15-13.08.24:606][  0]LogConfig: Setting CVar [[r.HairStrands.SkyAO.SampleCount:16]]
[2020.07.15-13.08.24:606][  0]LogConfig: Setting CVar [[r.HairStrands.DeepShadow.SuperSampling:0]]
[2020.07.15-13.08.24:606][  0]LogConfig: Setting CVar [[r.HairStrands.VisibilityPPLL:0]]
[2020.07.15-13.08.24:606][  0]LogConfig: Setting CVar [[r.HairStrands.RasterizationScale:0.5]]
[2020.07.15-13.08.24:606][  0]LogConfig: Setting CVar [[r.HairStrands.VelocityRasterizationScale:1]]
[2020.07.15-13.08.24:606][  0]LogInit: Selected Device Profile: [Windows]
[2020.07.15-13.08.24:606][  0]LogInit: Applying CVar settings loaded from the selected device profile: [Windows]
[2020.07.15-13.08.24:611][  0]LogHAL: Display: Platform has ~ 4 GB [3700432896 / 4294967296 / 4], which maps to Smallest [LargestMinGB=32, LargerMinGB=12, DefaultMinGB=8, SmallerMinGB=6, SmallestMinGB=0)
[2020.07.15-13.08.24:612][  0]LogInit: Going up to parent DeviceProfile []
[2020.07.15-13.08.24:612][  0]LogConfig: Applying CVar settings from Section [ViewDistanceQuality@3] File [C:/GitHub/SkyLand_Wyspa_Mazen/Gra/SkyLand_Wyspa_mażeń/Saved/Config/Windows/Scalability.ini]
[2020.07.15-13.08.24:612][  0]LogConfig: Setting CVar [[r.SkeletalMeshLODBias:0]]
[2020.07.15-13.08.24:612][  0]LogConfig: Setting CVar [[r.ViewDistanceScale:1.0]]
[2020.07.15-13.08.24:612][  0]LogConfig: Applying CVar settings from Section [AntiAliasingQuality@3] File [C:/GitHub/SkyLand_Wyspa_Mazen/Gra/SkyLand_Wyspa_mażeń/Saved/Config/Windows/Scalability.ini]
[2020.07.15-13.08.24:612][  0]LogConfig: Setting CVar [[r.PostProcessAAQuality:4]]
[2020.07.15-13.08.24:612][  0]LogConfig: Applying CVar settings from Section [ShadowQuality@3] File [C:/GitHub/SkyLand_Wyspa_Mazen/Gra/SkyLand_Wyspa_mażeń/Saved/Config/Windows/Scalability.ini]
[2020.07.15-13.08.24:612][  0]LogConfig: Setting CVar [[r.LightFunctionQuality:1]]
[2020.07.15-13.08.24:612][  0]LogConfig: Setting CVar [[r.ShadowQuality:5]]
[2020.07.15-13.08.24:612][  0]LogConfig: Setting CVar [[r.Shadow.CSM.MaxCascades:10]]
[2020.07.15-13.08.24:612][  0]LogConfig: Setting CVar [[r.Shadow.MaxResolution:2048]]
[2020.07.15-13.08.24:612][  0]LogConfig: Setting CVar [[r.Shadow.MaxCSMResolution:2048]]
[2020.07.15-13.08.24:612][  0]LogConfig: Setting CVar [[r.Shadow.RadiusThreshold:0.01]]
[2020.07.15-13.08.24:612][  0]LogConfig: Setting CVar [[r.Shadow.DistanceScale:1.0]]
[2020.07.15-13.08.24:612][  0]LogConfig: Setting CVar [[r.Shadow.CSM.TransitionScale:1.0]]
[2020.07.15-13.08.24:612][  0]LogConfig: Setting CVar [[r.Shadow.PreShadowResolutionFactor:1.0]]
[2020.07.15-13.08.24:612][  0]LogConfig: Setting CVar [[r.DistanceFieldShadowing:1]]
[2020.07.15-13.08.24:613][  0]LogConfig: Setting CVar [[r.DistanceFieldAO:1]]
[2020.07.15-13.08.24:613][  0]LogConfig: Setting CVar [[r.AOQuality:2]]
[2020.07.15-13.08.24:613][  0]LogConfig: Setting CVar [[r.VolumetricFog:1]]
[2020.07.15-13.08.24:613][  0]LogConfig: Setting CVar [[r.VolumetricFog.GridPixelSize:8]]
[2020.07.15-13.08.24:613][  0]LogConfig: Setting CVar [[r.VolumetricFog.GridSizeZ:128]]
[2020.07.15-13.08.24:613][  0]LogConfig: Setting CVar [[r.VolumetricFog.HistoryMissSupersampleCount:4]]
[2020.07.15-13.08.24:613][  0]LogConfig: Setting CVar [[r.LightMaxDrawDistanceScale:1]]
[2020.07.15-13.08.24:613][  0]LogConfig: Setting CVar [[r.CapsuleShadows:1]]
[2020.07.15-13.08.24:613][  0]LogConfig: Applying CVar settings from Section [PostProcessQuality@3] File [C:/GitHub/SkyLand_Wyspa_Mazen/Gra/SkyLand_Wyspa_mażeń/Saved/Config/Windows/Scalability.ini]
[2020.07.15-13.08.24:613][  0]LogConfig: Setting CVar [[r.MotionBlurQuality:4]]
[2020.07.15-13.08.24:613][  0]LogConfig: Setting CVar [[r.AmbientOcclusionMipLevelFactor:0.4]]
[2020.07.15-13.08.24:613][  0]LogConfig: Setting CVar [[r.AmbientOcclusionMaxQuality:100]]
[2020.07.15-13.08.24:613][  0]LogConfig: Setting CVar [[r.AmbientOcclusionLevels:-1]]
[2020.07.15-13.08.24:613][  0]LogConfig: Setting CVar [[r.AmbientOcclusionRadiusScale:1.0]]
[2020.07.15-13.08.24:613][  0]LogConfig: Setting CVar [[r.DepthOfFieldQuality:2]]
[2020.07.15-13.08.24:613][  0]LogConfig: Setting CVar [[r.RenderTargetPoolMin:400]]
[2020.07.15-13.08.24:613][  0]LogConfig: Setting CVar [[r.LensFlareQuality:2]]
[2020.07.15-13.08.24:613][  0]LogConfig: Setting CVar [[r.SceneColorFringeQuality:1]]
[2020.07.15-13.08.24:613][  0]LogConfig: Setting CVar [[r.EyeAdaptationQuality:2]]
[2020.07.15-13.08.24:613][  0]LogConfig: Setting CVar [[r.BloomQuality:5]]
[2020.07.15-13.08.24:614][  0]LogConfig: Setting CVar [[r.FastBlurThreshold:100]]
[2020.07.15-13.08.24:614][  0]LogConfig: Setting CVar [[r.Upscale.Quality:3]]
[2020.07.15-13.08.24:614][  0]LogConfig: Setting CVar [[r.Tonemapper.GrainQuantization:1]]
[2020.07.15-13.08.24:614][  0]LogConfig: Setting CVar [[r.LightShaftQuality:1]]
[2020.07.15-13.08.24:614][  0]LogConfig: Setting CVar [[r.Filter.SizeScale:1]]
[2020.07.15-13.08.24:614][  0]LogConfig: Setting CVar [[r.Tonemapper.Quality:5]]
[2020.07.15-13.08.24:614][  0]LogConfig: Setting CVar [[r.DOF.Gather.AccumulatorQuality:1        ; higher gathering accumulator quality]]
[2020.07.15-13.08.24:614][  0]LogConfig: Setting CVar [[r.DOF.Gather.PostfilterMethod:1          ; Median3x3 postfilering method]]
[2020.07.15-13.08.24:614][  0]LogConfig: Setting CVar [[r.DOF.Gather.EnableBokehSettings:0       ; no bokeh simulation when gathering]]
[2020.07.15-13.08.24:614][  0]LogConfig: Setting CVar [[r.DOF.Gather.RingCount:4                 ; medium number of samples when gathering]]
[2020.07.15-13.08.24:614][  0]LogConfig: Setting CVar [[r.DOF.Scatter.ForegroundCompositing:1    ; additive foreground scattering]]
[2020.07.15-13.08.24:614][  0]LogConfig: Setting CVar [[r.DOF.Scatter.BackgroundCompositing:2    ; additive background scattering]]
[2020.07.15-13.08.24:614][  0]LogConfig: Setting CVar [[r.DOF.Scatter.EnableBokehSettings:1      ; bokeh simulation when scattering]]
[2020.07.15-13.08.24:614][  0]LogConfig: Setting CVar [[r.DOF.Scatter.MaxSpriteRatio:0.1         ; only a maximum of 10% of scattered bokeh]]
[2020.07.15-13.08.24:614][  0]LogConfig: Setting CVar [[r.DOF.Recombine.Quality:1                ; cheap slight out of focus]]
[2020.07.15-13.08.24:614][  0]LogConfig: Setting CVar [[r.DOF.Recombine.EnableBokehSettings:0    ; no bokeh simulation on slight out of focus]]
[2020.07.15-13.08.24:614][  0]LogConfig: Setting CVar [[r.DOF.TemporalAAQuality:1                ; more stable temporal accumulation]]
[2020.07.15-13.08.24:614][  0]LogConfig: Setting CVar [[r.DOF.Kernel.MaxForegroundRadius:0.025]]
[2020.07.15-13.08.24:614][  0]LogConfig: Setting CVar [[r.DOF.Kernel.MaxBackgroundRadius:0.025]]
[2020.07.15-13.08.24:614][  0]LogConfig: Applying CVar settings from Section [TextureQuality@3] File [C:/GitHub/SkyLand_Wyspa_Mazen/Gra/SkyLand_Wyspa_mażeń/Saved/Config/Windows/Scalability.ini]
[2020.07.15-13.08.24:614][  0]LogConfig: Setting CVar [[r.Streaming.MipBias:0]]
[2020.07.15-13.08.24:615][  0]LogConfig: Setting CVar [[r.Streaming.AmortizeCPUToGPUCopy:0]]
[2020.07.15-13.08.24:615][  0]LogConfig: Setting CVar [[r.Streaming.MaxNumTexturesToStreamPerFrame:0]]
[2020.07.15-13.08.24:615][  0]LogConfig: Setting CVar [[r.Streaming.Boost:1]]
[2020.07.15-13.08.24:615][  0]LogConfig: Setting CVar [[r.MaxAnisotropy:8]]
[2020.07.15-13.08.24:615][  0]LogConfig: Setting CVar [[r.VT.MaxAnisotropy:8]]
[2020.07.15-13.08.24:615][  0]LogConfig: Setting CVar [[r.Streaming.LimitPoolSizeToVRAM:0]]
[2020.07.15-13.08.24:615][  0]LogConfig: Setting CVar [[r.Streaming.PoolSize:1000]]
[2020.07.15-13.08.24:615][  0]LogConfig: Setting CVar [[r.Streaming.MaxEffectiveScreenSize:0]]
[2020.07.15-13.08.24:615][  0]LogConfig: Applying CVar settings from Section [EffectsQuality@3] File [C:/GitHub/SkyLand_Wyspa_Mazen/Gra/SkyLand_Wyspa_mażeń/Saved/Config/Windows/Scalability.ini]
[2020.07.15-13.08.24:615][  0]LogConfig: Setting CVar [[r.TranslucencyLightingVolumeDim:64]]
[2020.07.15-13.08.24:615][  0]LogConfig: Setting CVar [[r.RefractionQuality:2]]
[2020.07.15-13.08.24:615][  0]LogConfig: Setting CVar [[r.SSR.Quality:3]]
[2020.07.15-13.08.24:615][  0]LogConfig: Setting CVar [[r.SSR.HalfResSceneColor:0]]
[2020.07.15-13.08.24:615][  0]LogConfig: Setting CVar [[r.SceneColorFormat:4]]
[2020.07.15-13.08.24:615][  0]LogConfig: Setting CVar [[r.DetailMode:2]]
[2020.07.15-13.08.24:615][  0]LogConfig: Setting CVar [[r.TranslucencyVolumeBlur:1]]
[2020.07.15-13.08.24:615][  0]LogConfig: Setting CVar [[r.MaterialQualityLevel:1 ; High quality]]
[2020.07.15-13.08.24:615][  0]LogConfig: Setting CVar [[r.SSS.Scale:1]]
[2020.07.15-13.08.24:615][  0]LogConfig: Setting CVar [[r.SSS.SampleSet:2]]
[2020.07.15-13.08.24:616][  0]LogConfig: Setting CVar [[r.SSS.Quality:1]]
[2020.07.15-13.08.24:616][  0]LogConfig: Setting CVar [[r.SSS.HalfRes:0]]
[2020.07.15-13.08.24:616][  0]LogConfig: Setting CVar [[r.SSGI.Quality:3]]
[2020.07.15-13.08.24:616][  0]LogConfig: Setting CVar [[r.EmitterSpawnRateScale:1.0]]
[2020.07.15-13.08.24:616][  0]LogConfig: Setting CVar [[r.ParticleLightQuality:2]]
[2020.07.15-13.08.24:616][  0]LogConfig: Setting CVar [[r.SkyAtmosphere.AerialPerspectiveLUT.FastApplyOnOpaque:1 ; Always have FastSkyLUT 1 in this case to avoid wrong sky]]
[2020.07.15-13.08.24:616][  0]LogConfig: Setting CVar [[r.SkyAtmosphere.AerialPerspectiveLUT.SampleCountPerSlice:1]]
[2020.07.15-13.08.24:616][  0]LogConfig: Setting CVar [[r.SkyAtmosphere.AerialPerspectiveLUT.DepthResolution:16.0]]
[2020.07.15-13.08.24:616][  0]LogConfig: Setting CVar [[r.SkyAtmosphere.FastSkyLUT:1]]
[2020.07.15-13.08.24:616][  0]LogConfig: Setting CVar [[r.SkyAtmosphere.FastSkyLUT.SampleCountMin:4.0]]
[2020.07.15-13.08.24:616][  0]LogConfig: Setting CVar [[r.SkyAtmosphere.FastSkyLUT.SampleCountMax:32.0]]
[2020.07.15-13.08.24:616][  0]LogConfig: Setting CVar [[r.SkyAtmosphere.SampleCountMin:4.0]]
[2020.07.15-13.08.24:616][  0]LogConfig: Setting CVar [[r.SkyAtmosphere.SampleCountMax:32.0]]
[2020.07.15-13.08.24:616][  0]LogConfig: Setting CVar [[r.SkyAtmosphere.TransmittanceLUT.UseSmallFormat:0]]
[2020.07.15-13.08.24:616][  0]LogConfig: Setting CVar [[r.SkyAtmosphere.TransmittanceLUT.SampleCount:10.0]]
[2020.07.15-13.08.24:616][  0]LogConfig: Setting CVar [[r.SkyAtmosphere.MultiScatteringLUT.SampleCount:15.0]]
[2020.07.15-13.08.24:616][  0]LogConfig: Applying CVar settings from Section [FoliageQuality@3] File [C:/GitHub/SkyLand_Wyspa_Mazen/Gra/SkyLand_Wyspa_mażeń/Saved/Config/Windows/Scalability.ini]
[2020.07.15-13.08.24:616][  0]LogConfig: Setting CVar [[foliage.DensityScale:1.0]]
[2020.07.15-13.08.24:616][  0]LogConfig: Setting CVar [[grass.DensityScale:1.0]]
[2020.07.15-13.08.24:616][  0]LogConfig: Applying CVar settings from Section [ShadingQuality@3] File [C:/GitHub/SkyLand_Wyspa_Mazen/Gra/SkyLand_Wyspa_mażeń/Saved/Config/Windows/Scalability.ini]
[2020.07.15-13.08.24:617][  0]LogConfig: Setting CVar [[r.HairStrands.SkyLighting.SampleCount:16]]
[2020.07.15-13.08.24:617][  0]LogConfig: Setting CVar [[r.HairStrands.SkyLighting.JitterIntegration:0]]
[2020.07.15-13.08.24:617][  0]LogConfig: Setting CVar [[r.HairStrands.SkyAO.SampleCount:16]]
[2020.07.15-13.08.24:617][  0]LogConfig: Setting CVar [[r.HairStrands.DeepShadow.SuperSampling:0]]
[2020.07.15-13.08.24:617][  0]LogConfig: Setting CVar [[r.HairStrands.VisibilityPPLL:0]]
[2020.07.15-13.08.24:617][  0]LogConfig: Setting CVar [[r.HairStrands.RasterizationScale:0.5]]
[2020.07.15-13.08.24:617][  0]LogConfig: Setting CVar [[r.HairStrands.VelocityRasterizationScale:1]]
[2020.07.15-13.08.24:617][  0]LogConfig: Applying CVar settings from Section [Startup] File [../../../Engine/Config/ConsoleVariables.ini]
[2020.07.15-13.08.24:660][  0]LogConfig: Setting CVar [[net.UseAdaptiveNetUpdateFrequency:0]]
[2020.07.15-13.08.24:660][  0]LogConfig: Setting CVar [[p.chaos.AllowCreatePhysxBodies:1]]
[2020.07.15-13.08.24:660][  0]LogConfig: Setting CVar [[fx.SkipVectorVMBackendOptimizations:1]]
[2020.07.15-13.08.24:660][  0]LogConfig: Applying CVar settings from Section [ConsoleVariables] File [C:/GitHub/SkyLand_Wyspa_Mazen/Gra/SkyLand_Wyspa_mażeń/Saved/Config/Windows/Engine.ini]
[2020.07.15-13.08.24:669][  0]LogInit: Computer: DESKTOP-K909MJR
[2020.07.15-13.08.24:669][  0]LogInit: User: puoihgvbgv
[2020.07.15-13.08.24:674][  0]LogInit: CPU Page size=4096, Cores=4
[2020.07.15-13.08.24:675][  0]LogInit: High frequency timer resolution =10.000000 MHz
[2020.07.15-13.08.24:675][  0]LogMemory: Memory total: Physical=3.4GB (4GB approx)
[2020.07.15-13.08.24:675][  0]LogMemory: Platform Memory Stats for Windows
[2020.07.15-13.08.24:675][  0]LogMemory: Process Physical Memory: 112.78 MB used, 112.78 MB peak
[2020.07.15-13.08.24:675][  0]LogMemory: Process Virtual Memory: 95.34 MB used, 95.34 MB peak
[2020.07.15-13.08.24:675][  0]LogMemory: Physical Memory: 2469.25 MB used,  1059.75 MB free, 3529.01 MB total
[2020.07.15-13.08.24:675][  0]LogMemory: Virtual Memory: 5127.85 MB used,  134212600.00 MB free, 134217728.00 MB total
[2020.07.15-13.08.24:703][  0]LogWindows: WindowsPlatformFeatures enabled
[2020.07.15-13.08.25:202][  0]LogInit: Physics initialised using underlying interface: PhysX
[2020.07.15-13.08.25:226][  0]LogInit: Using OS detected language (pl-PL).
[2020.07.15-13.08.25:237][  0]LogInit: Using OS detected locale (pl-PL).
[2020.07.15-13.08.25:283][  0]LogTextLocalizationManager: No specific localization for 'pl-PL' exists, so the 'pl' localization will be used.
[2020.07.15-13.08.25:284][  0]LogTextLocalizationResource: LocRes '../../../Engine/Content/Localization/Editor/pl/Editor.locres' could not be opened for reading!
[2020.07.15-13.08.25:285][  0]LogTextLocalizationResource: LocRes '../../../Engine/Content/Localization/EditorTutorials/pl/EditorTutorials.locres' could not be opened for reading!
[2020.07.15-13.08.25:285][  0]LogTextLocalizationResource: LocRes '../../../Engine/Content/Localization/Keywords/pl/Keywords.locres' could not be opened for reading!
[2020.07.15-13.08.25:285][  0]LogTextLocalizationResource: LocRes '../../../Engine/Content/Localization/Category/pl/Category.locres' could not be opened for reading!
[2020.07.15-13.08.25:286][  0]LogTextLocalizationResource: LocRes '../../../Engine/Content/Localization/ToolTips/pl/ToolTips.locres' could not be opened for reading!
[2020.07.15-13.08.25:286][  0]LogTextLocalizationResource: LocRes '../../../Engine/Content/Localization/PropertyNames/pl/PropertyNames.locres' could not be opened for reading!
[2020.07.15-13.08.25:287][  0]LogTextLocalizationResource: LocRes '../../../Engine/Content/Localization/Engine/pl/Engine.locres' could not be opened for reading!
[2020.07.15-13.08.25:439][  0]LogInit: Setting process to per monitor DPI aware
[2020.07.15-13.08.25:943][  0]LogSlate: New Slate User Created.  User Index 0, Is Virtual User: 0
[2020.07.15-13.08.25:943][  0]LogSlate: Slate User Registered.  User Index 0, Is Virtual User: 0
[2020.07.15-13.08.34:706][  0]LogHMD: Failed to initialize OpenVR with code 110
[2020.07.15-13.08.34:706][  0]LogD3D11RHI: D3D11 min allowed feature level: 11_0
[2020.07.15-13.08.34:707][  0]LogD3D11RHI: D3D11 max allowed feature level: 11_0
[2020.07.15-13.08.34:707][  0]LogD3D11RHI: D3D11 adapters:
[2020.07.15-13.08.35:103][  0]LogD3D11RHI:    0. 'AMD Radeon(TM) R4 Graphics' (Feature Level 11_0)
[2020.07.15-13.08.35:103][  0]LogD3D11RHI:       494/0/1764 MB DedicatedVideo/DedicatedSystem/SharedSystem, Outputs:1, VendorId:0x1002
[2020.07.15-13.08.35:123][  0]LogD3D11RHI:    1. 'Microsoft Basic Render Driver' (Feature Level 11_0)
[2020.07.15-13.08.35:123][  0]LogD3D11RHI:       0/0/1764 MB DedicatedVideo/DedicatedSystem/SharedSystem, Outputs:0, VendorId:0x1414
[2020.07.15-13.08.35:123][  0]LogD3D11RHI: Chosen D3D11 Adapter: 0
[2020.07.15-13.08.35:137][  0]LogD3D11RHI: Creating new Direct3DDevice
[2020.07.15-13.08.35:138][  0]LogD3D11RHI:     GPU DeviceId: 0x9851 (for the marketing name, search the web for "GPU Device Id")
[2020.07.15-13.08.35:138][  0]LogWindows: EnumDisplayDevices:
[2020.07.15-13.08.35:138][  0]LogWindows:    0. 'AMD Radeon(TM) R4 Graphics' (P:1 D:1)
[2020.07.15-13.08.35:139][  0]LogWindows:    1. 'AMD Radeon(TM) R4 Graphics' (P:0 D:0)
[2020.07.15-13.08.35:140][  0]LogWindows:    2. 'AMD Radeon(TM) R4 Graphics' (P:0 D:0)
[2020.07.15-13.08.35:141][  0]LogWindows:    3. 'AMD Radeon(TM) R4 Graphics' (P:0 D:0)
[2020.07.15-13.08.35:142][  0]LogWindows: DebugString: FoundDriverCount:4 
[2020.07.15-13.08.35:142][  0]LogD3D11RHI:     Adapter Name: AMD Radeon(TM) R4 Graphics
[2020.07.15-13.08.35:142][  0]LogD3D11RHI:   Driver Version: Adrenalin 2020 20.1.4 (internal:26.20.15017.1005, unified:26.20.15017.1005)
[2020.07.15-13.08.35:142][  0]LogD3D11RHI:      Driver Date: 1-24-2020
[2020.07.15-13.08.35:142][  0]LogRHI: Texture pool is 1423 MB (70% of 2033 MB)
[2020.07.15-13.08.35:412][  0]LogD3D11RHI: RHI has support for 64 bit atomics
[2020.07.15-13.08.35:412][  0]LogD3D11RHI: Async texture creation enabled
[2020.07.15-13.08.35:412][  0]LogD3D11RHI: Array index from any shader is supported
[2020.07.15-13.08.35:458][  0]LogD3D11RHI: GPU Timing Frequency: 100.000000 (Debug: 2 1)
[2020.07.15-13.08.37:765][  0]LogTargetPlatformManager: Display: Loaded TargetPlatform 'AllDesktop'
[2020.07.15-13.08.37:859][  0]LogTargetPlatformManager: Display: Loaded TargetPlatform 'Android'
[2020.07.15-13.08.37:859][  0]LogTargetPlatformManager: Display: Loaded TargetPlatform 'Android_ASTC'
[2020.07.15-13.08.37:860][  0]LogTargetPlatformManager: Display: Loaded TargetPlatform 'Android_DXT'
[2020.07.15-13.08.37:860][  0]LogTargetPlatformManager: Display: Loaded TargetPlatform 'Android_ETC2'
[2020.07.15-13.08.37:860][  0]LogTargetPlatformManager: Display: Loaded TargetPlatform 'AndroidClient'
[2020.07.15-13.08.37:860][  0]LogTargetPlatformManager: Display: Loaded TargetPlatform 'Android_ASTCClient'
[2020.07.15-13.08.37:860][  0]LogTargetPlatformManager: Display: Loaded TargetPlatform 'Android_DXTClient'
[2020.07.15-13.08.37:860][  0]LogTargetPlatformManager: Display: Loaded TargetPlatform 'Android_ETC2Client'
[2020.07.15-13.08.37:860][  0]LogTargetPlatformManager: Display: Loaded TargetPlatform 'Android_Multi'
[2020.07.15-13.08.37:860][  0]LogTargetPlatformManager: Display: Loaded TargetPlatform 'Android_MultiClient'
[2020.07.15-13.08.38:095][  0]LogTargetPlatformManager: Display: Loaded TargetPlatform 'IOSClient'
[2020.07.15-13.08.38:096][  0]LogTargetPlatformManager: Display: Loaded TargetPlatform 'IOS'
[2020.07.15-13.08.38:185][  0]LogTargetPlatformManager: Display: Loaded TargetPlatform 'Linux'
[2020.07.15-13.08.38:266][  0]LogTargetPlatformManager: Display: Loaded TargetPlatform 'LinuxNoEditor'
[2020.07.15-13.08.38:310][  0]LogTargetPlatformManager: Display: Loaded TargetPlatform 'LinuxClient'
[2020.07.15-13.08.38:355][  0]LogTargetPlatformManager: Display: Loaded TargetPlatform 'LinuxServer'
[2020.07.15-13.08.38:400][  0]LogTargetPlatformManager: Display: Loaded TargetPlatform 'LinuxAArch64NoEditor'
[2020.07.15-13.08.38:444][  0]LogTargetPlatformManager: Display: Loaded TargetPlatform 'LinuxAArch64Client'
[2020.07.15-13.08.38:520][  0]LogTargetPlatformManager: Display: Loaded TargetPlatform 'LinuxAArch64Server'
[2020.07.15-13.08.38:659][  0]LogTargetPlatformManager: Display: Loaded TargetPlatform 'Lumin'
[2020.07.15-13.08.38:659][  0]LogTargetPlatformManager: Display: Loaded TargetPlatform 'LuminClient'
[2020.07.15-13.08.38:719][  0]LogTargetPlatformManager: Display: Loaded TargetPlatform 'TVOSClient'
[2020.07.15-13.08.38:719][  0]LogTargetPlatformManager: Display: Loaded TargetPlatform 'TVOS'
[2020.07.15-13.08.38:772][  0]LogTargetPlatformManager: Display: Loaded TargetPlatform 'WindowsNoEditor'
[2020.07.15-13.08.38:817][  0]LogTargetPlatformManager: Display: Loaded TargetPlatform 'Windows'
[2020.07.15-13.08.38:856][  0]LogTargetPlatformManager: Display: Loaded TargetPlatform 'WindowsClient'
[2020.07.15-13.08.38:891][  0]LogTargetPlatformManager: Display: Loaded TargetPlatform 'WindowsServer'
[2020.07.15-13.08.38:891][  0]LogTargetPlatformManager: Display: Building Assets For Windows
[2020.07.15-13.08.39:039][  0]LogAudioDebug: Display: Lib vorbis DLL was dynamically loaded.
[2020.07.15-13.08.39:822][  0]LogShaderCompilers: Guid format shader working directory is -16 characters bigger than the processId version (../../../../../../GitHub/SkyLand_Wyspa_Mazen/Gra/SkyLand_Wyspa_mażeń/Intermediate/Shaders/WorkingDirectory/8844/).
[2020.07.15-13.08.39:823][  0]LogShaderCompilers: Cleaned the shader compiler working directory 'C:/Users/puoih gvbgv/AppData/Local/Temp/UnrealShaderWorkingDir/6AC73F104909B6D4E58FC4A7461534DD/'.
[2020.07.15-13.08.39:849][  0]LogXGEController: Cannot use XGE Controller as Incredibuild is not installed on this machine.
[2020.07.15-13.08.39:850][  0]LogShaderCompilers: Cannot use XGE Shader Compiler as Incredibuild is not installed on this machine.
[2020.07.15-13.08.39:850][  0]LogShaderCompilers: Display: Using Local Shader Compiler.
[2020.07.15-13.08.52:734][  0]LogDerivedDataCache: Display: Max Cache Size: 512 MB
[2020.07.15-13.08.53:717][  0]LogDerivedDataCache: Loaded boot cache 0.98s 75MB C:/Users/puoih gvbgv/AppData/Local/UnrealEngine/4.25/DerivedDataCache/Boot.ddc.
[2020.07.15-13.08.53:718][  0]LogDerivedDataCache: Display: Loaded Boot cache: C:/Users/puoih gvbgv/AppData/Local/UnrealEngine/4.25/DerivedDataCache/Boot.ddc
[2020.07.15-13.08.53:718][  0]LogDerivedDataCache: FDerivedDataBackendGraph:  Pak pak cache file ../../../../../../GitHub/SkyLand_Wyspa_Mazen/Gra/SkyLand_Wyspa_mażeń/DerivedDataCache/DDC.ddp not found, will not use a pak cache.
[2020.07.15-13.08.53:718][  0]LogDerivedDataCache: Unable to find inner node Pak for hierarchical cache Hierarchy.
[2020.07.15-13.08.53:718][  0]LogDerivedDataCache: FDerivedDataBackendGraph:  CompressedPak pak cache file ../../../../../../GitHub/SkyLand_Wyspa_Mazen/Gra/SkyLand_Wyspa_mażeń/DerivedDataCache/Compressed.ddp not found, will not use a pak cache.
[2020.07.15-13.08.53:718][  0]LogDerivedDataCache: Unable to find inner node CompressedPak for hierarchical cache Hierarchy.
[2020.07.15-13.08.53:744][  0]LogDerivedDataCache: Display: Pak cache opened for reading ../../../Engine/DerivedDataCache/Compressed.ddp.
[2020.07.15-13.08.53:745][  0]LogDerivedDataCache: FDerivedDataBackendGraph:  EnterprisePak pak cache file ../../../Enterprise/DerivedDataCache/Compressed.ddp not found, will not use a pak cache.
[2020.07.15-13.08.53:745][  0]LogDerivedDataCache: Unable to find inner node EnterprisePak for hierarchical cache Hierarchy.
[2020.07.15-13.08.53:748][  0]LogDerivedDataCache: Using Local data cache path C:/Users/puoih gvbgv/AppData/Local/UnrealEngine/Common/DerivedDataCache: Writable
[2020.07.15-13.08.53:748][  0]LogDerivedDataCache: Shared data cache path not found in *engine.ini, will not use an Shared cache.
[2020.07.15-13.08.53:748][  0]LogDerivedDataCache: Unable to find inner node Shared for hierarchical cache Hierarchy.
[2020.07.15-13.08.53:894][  0]LogSlate: Using FreeType 2.10.0
[2020.07.15-13.08.53:948][  0]LogSlate: SlateFontServices - WITH_FREETYPE: 1, WITH_HARFBUZZ: 1
[2020.07.15-13.08.55:024][  0]LogAssetRegistry: FAssetRegistry took 0.0080 seconds to start up
[2020.07.15-13.08.55:919][  0]LogInit: Selected Device Profile: [Windows]
[2020.07.15-13.08.57:217][  0]LogMeshReduction: Using QuadricMeshReduction for automatic static mesh reduction
[2020.07.15-13.08.57:217][  0]LogMeshReduction: Using SimplygonMeshReduction for automatic skeletal mesh reduction
[2020.07.15-13.08.57:217][  0]LogMeshReduction: Using ProxyLODMeshReduction for automatic mesh merging
[2020.07.15-13.08.57:217][  0]LogMeshReduction: No distributed automatic mesh merging module available
[2020.07.15-13.08.57:218][  0]LogMeshMerging: No distributed automatic mesh merging module available
[2020.07.15-13.08.57:518][  0]LogNetVersion: SkyLand_Wyspa_mażeń 1.0.0, NetCL: 13144385, EngineNetVer: 14, GameNetVer: 0 (Checksum: 3429421596)
[2020.07.15-13.09.20:818][  0]LogAISub: UAISubsystem::UAISubsystem AISubsystem (0000017E42511380), frame # 0
[2020.07.15-13.09.20:818][  0]LogAISub: UAISubsystem::UAISubsystem AIPerceptionSystem (0000017E42425E40), frame # 0
[2020.07.15-13.09.20:822][  0]LogAISub: UAISubsystem::UAISubsystem EnvQueryManager (0000017E42475C00), frame # 0
[2020.07.15-13.09.21:069][  0]LogPackageLocalizationCache: Processed 19 localized package path(s) for 1 prioritized culture(s) in 0.228891 seconds
[2020.07.15-13.09.21:088][  0]LogUObjectArray: 15917 objects as part of root set at end of initial load.
[2020.07.15-13.09.21:088][  0]LogUObjectAllocator: 3965568 out of 0 bytes used by permanent object pool.
[2020.07.15-13.09.21:089][  0]LogUObjectArray: CloseDisregardForGC: 0/0 objects in disregard for GC pool
[2020.07.15-13.09.28:449][  0]LogTcpMessaging: Initializing TcpMessaging bridge
[2020.07.15-13.09.28:505][  0]LogUdpMessaging: Initializing bridge on interface 0.0.0.0:0 to multicast group 230.0.0.1:6666.
[2020.07.15-13.09.29:728][  0]SourceControl: Source control is disabled
[2020.07.15-13.09.29:728][  0]SourceControl: Source control is disabled
[2020.07.15-13.09.29:809][  0]SourceControl: Source control is disabled
[2020.07.15-13.09.29:837][  0]SourceControl: Source control is disabled
[2020.07.15-13.09.30:110][  0]SourceControl: Source control is disabled
[2020.07.15-13.09.30:224][  0]LogVSAccessor: Display: Unable to create Visual Studio setup instance: 80040154
[2020.07.15-13.09.30:226][  0]LogVSAccessor: Display: Unable to create Visual Studio setup instance: 80040154
[2020.07.15-13.09.33:499][  0]LogAndroidPermission: UAndroidPermissionCallbackProxy::GetInstance
[2020.07.15-13.09.33:725][  0]LogAudioCaptureCore: Display: No Audio Capture implementations found. Audio input will be silent.
[2020.07.15-13.09.33:725][  0]LogAudioCaptureCore: Display: No Audio Capture implementations found. Audio input will be silent.
[2020.07.15-13.09.34:391][  0]LogOcInput: OculusInput pre-init called
[2020.07.15-13.09.34:518][  0]LogWindows: Failed to load 'OVRPlugin.dll' (GetLastError=126)
[2020.07.15-13.09.34:518][  0]LogWindows: File 'OVRPlugin.dll' does not exist
[2020.07.15-13.09.35:466][  0]LogEngine: Initializing Engine...
[2020.07.15-13.09.35:575][  0]LogHMD: Failed to initialize OpenVR with code 110
[2020.07.15-13.09.35:589][  0]LogMagicLeap: Warning: VR disabled because ZI is not enabled.  To enable, in the editor, Edit -> Project Settings -> Plugins -> Magic Leap Plugin -> Enable Zero Iteration
[2020.07.15-13.09.35:609][  0]LogStats: UGameplayTagsManager::InitializeManager -  0.000 s
[2020.07.15-13.09.37:286][  0]LogInit: Initializing FReadOnlyCVARCache
[2020.07.15-13.09.41:652][  0]LogAIModule: Creating AISystem for world Untitled
[2020.07.15-13.09.41:653][  0]LogAISub: UAISubsystem::UAISubsystem EnvQueryManager (0000017E58C47C00), frame # 0
[2020.07.15-13.09.41:653][  0]LogAISub: UAISubsystem::UAISubsystem AIPerceptionSystem (0000017E58C83240), frame # 0
[2020.07.15-13.09.42:954][  0]LogAudioMixer: Display: Audio Mixer Platform Settings:
[2020.07.15-13.09.42:954][  0]LogAudioMixer: Display: 	Sample Rate:						  48000
[2020.07.15-13.09.42:954][  0]LogAudioMixer: Display: 	Callback Buffer Frame Size Requested: 1024
[2020.07.15-13.09.42:954][  0]LogAudioMixer: Display: 	Callback Buffer Frame Size To Use:	  1024
[2020.07.15-13.09.42:954][  0]LogAudioMixer: Display: 	Number of buffers to queue:			  2
[2020.07.15-13.09.42:954][  0]LogAudioMixer: Display: 	Max Channels (voices):				  32
[2020.07.15-13.09.42:954][  0]LogAudioMixer: Display: 	Number of Async Source Workers:		  0
[2020.07.15-13.09.42:968][  0]LogAudio: Display: AudioDevice MaxSources: 32
[2020.07.15-13.09.43:033][  0]LogAudio: Display: Using built-in audio occlusion.
[2020.07.15-13.09.43:055][  0]LogAudioMixer: Display: Initializing audio mixer.
[2020.07.15-13.09.43:583][  0]LogAudioMixer: Display: 0: FrontLeft
[2020.07.15-13.09.43:583][  0]LogAudioMixer: Display: 1: FrontRight
[2020.07.15-13.09.44:835][  0]LogAudioMixer: Display: Using Audio Device Głośnik/Słuchawki (2 — Realtek High Definition Audio)
[2020.07.15-13.09.45:052][  0]LogAudioMixer: Display: Initializing Sound Submixes...
[2020.07.15-13.09.45:116][  0]LogAudioMixer: Display: Creating Master Submix 'MasterSubmixDefault'
[2020.07.15-13.09.45:116][  0]LogAudioMixer: Display: Creating Master Submix 'MasterReverbSubmixDefault'
[2020.07.15-13.09.45:254][  0]LogAudioMixer: Display: Creating Master Submix 'MasterEQSubmixDefault'
[2020.07.15-13.09.45:295][  0]LogInit: FAudioDevice initialized.
[2020.07.15-13.09.45:324][  0]LogNetVersion: Set ProjectVersion to 1.0.0.0. Version Checksum will be recalculated on next use.
[2020.07.15-13.09.45:783][  0]LogDerivedDataCache: Saved boot cache 0.44s 75MB C:/Users/puoih gvbgv/AppData/Local/UnrealEngine/4.25/DerivedDataCache/Boot.ddc.
[2020.07.15-13.09.45:796][  0]LogInit: Texture streaming: Enabled
[2020.07.15-13.09.47:473][  0]LogEngineSessionManager: EngineSessionManager initialized
[2020.07.15-13.09.47:473][  0]LogEditorSessionSummary: Verbose: Initializing EditorSessionSummaryWriter for editor session tracking
[2020.07.15-13.09.47:586][  0]LogEditorSessionSummary: EditorSessionSummaryWriter initialized
[2020.07.15-13.09.48:784][  0]LogInit: Transaction tracking system initialized
[2020.07.15-13.09.50:065][  0]BlueprintLog: New page: Editor Load
[2020.07.15-13.09.54:908][  0]LocalizationService: Localization service is disabled
[2020.07.15-13.09.57:448][  0]LogVSAccessor: Display: Unable to create Visual Studio setup instance: 80040154
[2020.07.15-13.09.57:449][  0]LogVSAccessor: Display: Unable to create Visual Studio setup instance: 80040154
[2020.07.15-13.10.01:111][  0]LogFileCache: Scanning file cache for directory 'C:/GitHub/SkyLand_Wyspa_Mazen/Gra/SkyLand_Wyspa_mażeń/Content/' took 0.06s
[2020.07.15-13.10.01:111][  0]LogCook: Display: Max memory allowance for cook 16384mb min free memory 0mb
[2020.07.15-13.10.01:165][  0]LogCook: Display: Mobile HDR setting 1
[2020.07.15-13.10.26:004][  0]SourceControl: Source control is disabled
[2020.07.15-13.10.26:030][  0]LogUnrealEdMisc: Loading editor; pre map load, took 233.655
[2020.07.15-13.10.26:332][  0]Cmd: MAP LOAD FILE="../../../Engine/Content/Maps/Templates/Template_Default.umap" TEMPLATE=1 SHOWPROGRESS=1 FEATURELEVEL=3
[2020.07.15-13.10.26:411][  0]LightingResults: New page: Lighting Build
[2020.07.15-13.10.26:948][  0]LogAudioMixer: Display: Audio Buffer Underrun detected.
[2020.07.15-13.10.26:948][  0]LogWorld: UWorld::CleanupWorld for Untitled, bSessionEnded=true, bCleanupResources=true
[2020.07.15-13.10.27:068][  0]LogSlate: InvalidateAllWidgets triggered.  All widgets were invalidated
[2020.07.15-13.10.27:229][  0]MapCheck: New page: Map Check
[2020.07.15-13.10.27:229][  0]LightingResults: New page: Lighting Build
[2020.07.15-13.10.28:732][  0]LogAISub: UAISubsystem::~UAISubsystem EnvQueryManager (0000017E58C47C00), frame # 0
[2020.07.15-13.10.28:732][  0]LogAISub: UAISubsystem::~UAISubsystem AIPerceptionSystem (0000017E58C83240), frame # 0
[2020.07.15-13.10.28:770][  0]LogUObjectHash: Compacting FUObjectHashTables data took   2.01ms
[2020.07.15-13.10.33:808][  0]LogAIModule: Creating AISystem for world Untitled_1
[2020.07.15-13.10.33:808][  0]LogAISub: UAISubsystem::UAISubsystem EnvQueryManager (0000017E48645000), frame # 0
[2020.07.15-13.10.33:808][  0]LogAISub: UAISubsystem::UAISubsystem AIPerceptionSystem (0000017E486C56C0), frame # 0
[2020.07.15-13.10.36:003][  0]LogEditorServer: Finished looking for orphan Actors (0.000 secs)
[2020.07.15-13.10.36:697][  0]LogUObjectHash: Compacting FUObjectHashTables data took   2.55ms
[2020.07.15-13.10.36:709][  0]Cmd: MAP CHECKDEP NOCLEARLOG
[2020.07.15-13.10.36:733][  0]MapCheck: Map check complete: 0 Error(s), 0 Warning(s), took 23,55ms to complete.
[2020.07.15-13.10.36:785][  0]LogFileHelpers: Loading map 'Template_Default' took 10.599
[2020.07.15-13.10.38:665][  0]LogUnrealEdMisc: Total Editor Startup Time, took 246.290
[2020.07.15-13.10.43:097][  0]LogSlate: Updating window title bar state: overlay mode, drag disabled, window buttons hidden, title bar hidden
[2020.07.15-13.10.43:181][  0]LogSlate: Updating window title bar state: overlay mode, drag disabled, window buttons hidden, title bar hidden
[2020.07.15-13.10.43:203][  0]LogSlate: Updating window title bar state: overlay mode, drag disabled, window buttons hidden, title bar hidden
[2020.07.15-13.10.43:226][  0]LogSlate: Updating window title bar state: overlay mode, drag disabled, window buttons hidden, title bar hidden
[2020.07.15-13.10.43:877][  0]LogCollectionManager: Loaded 0 collections in 0.005015 seconds
[2020.07.15-13.10.44:627][  0]LogFileCache: Scanning file cache for directory 'C:/GitHub/SkyLand_Wyspa_Mazen/Gra/SkyLand_Wyspa_mażeń/Saved/Collections/' took 0.00s
[2020.07.15-13.10.44:627][  0]LogFileCache: Scanning file cache for directory 'C:/GitHub/SkyLand_Wyspa_Mazen/Gra/SkyLand_Wyspa_mażeń/Content/Developers/puoihgvbgv/Collections/' took 0.00s
[2020.07.15-13.10.44:627][  0]LogFileCache: Scanning file cache for directory 'C:/GitHub/SkyLand_Wyspa_Mazen/Gra/SkyLand_Wyspa_mażeń/Content/Collections/' took 0.00s
[2020.07.15-13.10.44:627][  0]LogContentBrowser: Native class hierarchy populated in 0.0852 seconds. Added 3427 classes and 821 folders.
[2020.07.15-13.10.45:279][  0]LogContentBrowser: Native class hierarchy updated for 'WidgetCarousel' in 0.0008 seconds. Added 0 classes and 0 folders.
[2020.07.15-13.10.50:059][  0]LogContentBrowser: Native class hierarchy updated for 'AddContentDialog' in 0.0008 seconds. Added 0 classes and 0 folders.
[2020.07.15-13.10.50:573][  0]LogContentBrowser: Native class hierarchy updated for 'SceneOutliner' in 0.0766 seconds. Added 2 classes and 0 folders.
[2020.07.15-13.10.54:739][  0]LogSlate: Took 0.019891 seconds to synchronously load lazily loaded font '../../../Engine/Content/Slate/Fonts/Roboto-Regular.ttf' (155K)
[2020.07.15-13.10.55:089][  0]LogSlate: Took 0.029624 seconds to synchronously load lazily loaded font '../../../Engine/Content/Slate/Fonts/Roboto-Bold.ttf' (160K)
[2020.07.15-13.10.55:407][  0]LogSlate: Took 0.051889 seconds to synchronously load lazily loaded font '../../../Engine/Content/Editor/Slate/Fonts/FontAwesome.ttf' (139K)
[2020.07.15-13.10.58:438][  0]LogRenderer: Reallocating scene render targets to support 856x372 Format 10 NumSamples 1 (Frame:1).
[2020.07.15-13.11.03:290][  0]LogContentBrowser: Native class hierarchy updated for 'HierarchicalLODOutliner' in 0.0007 seconds. Added 0 classes and 0 folders.
[2020.07.15-13.11.03:291][  0]LogLoad: (Engine Initialization) Total time: 270.92 seconds
[2020.07.15-13.11.03:291][  0]LogLoad: (Engine Initialization) Total Blueprint compile time: 0.00 seconds
[2020.07.15-13.11.05:374][  0]LogContentStreaming: Texture pool size now 1000 MB
[2020.07.15-13.11.06:135][  0]LogSlate: Took 0.087416 seconds to synchronously load lazily loaded font '../../../Engine/Content/Slate/Fonts/Roboto-Light.ttf' (167K)
[2020.07.15-13.11.06:868][  3]LogAssetRegistry: Asset discovery search completed in 131.8465 seconds
[2020.07.15-13.11.06:919][  3]LogCollectionManager: Fixed up redirectors for 0 collections in 0.015178 seconds (updated 0 objects)
[2020.07.15-13.11.20:590][249]LogSlate: Took 0.000587 seconds to synchronously load lazily loaded font '../../../Engine/Content/Slate/Fonts/Roboto-Light.ttf' (167K)
[2020.07.15-13.12.15:596][249]LogTexture: Display: Building textures: HQ_Lightmap0_3 (AutoDXT, 64X64)
[2020.07.15-13.12.15:610][249]LogTexture: Display: Building textures: HQ_Lightmap1_1 (AutoDXT, 256X256)
[2020.07.15-13.12.15:610][249]LogTexture: Display: Building textures: HQ_Lightmap1_2 (AutoDXT, 256X256)
[2020.07.15-13.12.15:610][249]LogTexture: Display: Building textures: LQ_Lightmap_0_3 (DXT1, 64X64)
[2020.07.15-13.12.15:610][249]LogTexture: Display: Building textures: LQ_Lightmap_1_1 (DXT1, 256X256)
[2020.07.15-13.12.15:611][249]LogTexture: Display: Building textures: LQ_Lightmap_1_2 (DXT1, 256X256)
[2020.07.15-13.12.15:611][249]LogTexture: Display: Building textures: ShadowMapTexture2D_2 (G8, 128X128)
[2020.07.15-13.12.15:611][249]LogTexture: Display: Building textures: ShadowMapTexture2D_3 (G8, 256X64)
[2020.07.15-13.12.15:611][249]LogTexture: Display: Building textures: ShadowMapTexture2D_4 (G8, 32X32)
[2020.07.15-13.12.15:611][249]LogTexture: Display: Building textures: Grass_Textures (AutoDXT, 5184X3456)
[2020.07.15-13.12.15:611][249]LogMaterial: Display: Missing cached shader map for material Grass_Material, compiling. 
[2020.07.15-13.12.16:473][249]LogShaderCompilers: Display: Worker (1/3): shaders left to compile 24
[2020.07.15-13.12.16:473][249]LogShaderCompilers: Display: Worker (2/3): shaders left to compile 15
[2020.07.15-13.12.16:473][249]LogShaderCompilers: Display: Worker (3/3): shaders left to compile 6
[2020.07.15-13.12.23:769][249]LogAssetEditorSubsystem: Opening Asset editor for World /Game/Maps/SkyLand.SkyLand
[2020.07.15-13.12.25:877][249]LogUObjectHash: Compacting FUObjectHashTables data took   2.70ms
[2020.07.15-13.12.26:273][249]Cmd: MAP LOAD FILE="../../../../../../GitHub/SkyLand_Wyspa_Mazen/Gra/SkyLand_Wyspa_mażeń/Content/Maps/SkyLand.umap" TEMPLATE=0 SHOWPROGRESS=1 FEATURELEVEL=3
[2020.07.15-13.12.26:329][249]LightingResults: New page: Lighting Build
[2020.07.15-13.12.26:540][249]LoadErrors: New page: Loading map: SkyLand.umap
[2020.07.15-13.12.27:488][249]LogWorld: UWorld::CleanupWorld for Untitled_1, bSessionEnded=true, bCleanupResources=true
[2020.07.15-13.12.27:743][249]LogSlate: InvalidateAllWidgets triggered.  All widgets were invalidated
[2020.07.15-13.12.27:980][249]MapCheck: New page: Map Check
[2020.07.15-13.12.28:047][249]LightingResults: New page: Lighting Build
[2020.07.15-13.12.30:094][249]LogAISub: UAISubsystem::~UAISubsystem EnvQueryManager (0000017E48645000), frame # 249
[2020.07.15-13.12.30:094][249]LogAISub: UAISubsystem::~UAISubsystem AIPerceptionSystem (0000017E486C56C0), frame # 249
[2020.07.15-13.12.30:120][249]LogUObjectHash: Compacting FUObjectHashTables data took   2.12ms
[2020.07.15-13.12.32:547][249]LogEditorServer: Finished looking for orphan Actors (0.000 secs)
[2020.07.15-13.12.32:547][249]LogAIModule: Creating AISystem for world SkyLand
[2020.07.15-13.12.32:832][249]LogAISub: UAISubsystem::UAISubsystem EnvQueryManager (0000017E485DE400), frame # 249
[2020.07.15-13.12.32:839][249]LogAISub: UAISubsystem::UAISubsystem AIPerceptionSystem (0000017E0012B740), frame # 249
[2020.07.15-13.12.33:318][249]LogUObjectHash: Compacting FUObjectHashTables data took   2.34ms
[2020.07.15-13.12.33:789][249]Cmd: MAP CHECKDEP NOCLEARLOG
[2020.07.15-13.12.33:856][249]MapCheck: Map check complete: 0 Error(s), 0 Warning(s), took 11,229ms to complete.
[2020.07.15-13.12.33:866][249]LogFileHelpers: Loading map 'SkyLand' took 7.865
[2020.07.15-13.13.28:118][282]LogEditorViewport: Clicking on Actor (LMB): SkyLight (SkyLight)
[2020.07.15-13.13.53:358][717]LogTemp: Repeating last play command: Selected Viewport
[2020.07.15-13.13.53:742][717]LogPlayLevel: PlayLevel: No blueprints needed recompiling
[2020.07.15-13.13.53:758][717]PIE: New page: PIE session: SkyLand (15 lip 2020, 17:13:53)
[2020.07.15-13.13.53:872][717]LogOnline: OSS: Creating online subsystem instance for: NULL
[2020.07.15-13.13.54:052][717]LogOnline: OSS: TryLoadSubsystemAndSetDefault: Loaded subsystem for module [NULL]
[2020.07.15-13.13.54:100][717]LogPlayLevel: Creating play world package: /Game/Maps/UEDPIE_0_SkyLand
[2020.07.15-13.13.54:207][717]LogPlayLevel: PIE: StaticDuplicateObject took: (0.106900s)
[2020.07.15-13.13.54:259][717]LogAIModule: Creating AISystem for world SkyLand
[2020.07.15-13.13.54:260][717]LogAISub: UAISubsystem::UAISubsystem EnvQueryManager (0000017E0232FE00), frame # 1717
[2020.07.15-13.13.54:260][717]LogAISub: UAISubsystem::UAISubsystem AIPerceptionSystem (0000017E00128A40), frame # 1717
[2020.07.15-13.13.54:292][717]LogPlayLevel: PIE: World Init took: (0.084276s)
[2020.07.15-13.13.54:292][717]LogPlayLevel: PIE: Created PIE world by copying editor world from /Game/Maps/SkyLand.SkyLand to /Game/Maps/UEDPIE_0_SkyLand.SkyLand (0.191726s)
[2020.07.15-13.13.54:319][717]LogUObjectHash: Compacting FUObjectHashTables data took   1.78ms
[2020.07.15-13.13.54:421][717]LogAudioMixer: Display: Audio Mixer Platform Settings:
[2020.07.15-13.13.54:421][717]LogAudioMixer: Display: 	Sample Rate:						  48000
[2020.07.15-13.13.54:421][717]LogAudioMixer: Display: 	Callback Buffer Frame Size Requested: 1024
[2020.07.15-13.13.54:422][717]LogAudioMixer: Display: 	Callback Buffer Frame Size To Use:	  1024
[2020.07.15-13.13.54:422][717]LogAudioMixer: Display: 	Number of buffers to queue:			  2
[2020.07.15-13.13.54:422][717]LogAudioMixer: Display: 	Max Channels (voices):				  32
[2020.07.15-13.13.54:422][717]LogAudioMixer: Display: 	Number of Async Source Workers:		  0
[2020.07.15-13.13.54:422][717]LogAudio: Display: AudioDevice MaxSources: 32
[2020.07.15-13.13.54:509][717]LogAudio: Display: Using built-in audio occlusion.
[2020.07.15-13.13.54:509][717]LogAudioMixer: Display: Initializing audio mixer.
[2020.07.15-13.13.54:543][717]LogAudioMixer: Display: 0: FrontLeft
[2020.07.15-13.13.54:543][717]LogAudioMixer: Display: 1: FrontRight
[2020.07.15-13.13.54:638][717]LogAudioMixer: Display: Using Audio Device Głośnik/Słuchawki (2 — Realtek High Definition Audio)
[2020.07.15-13.13.54:688][717]LogAudioMixer: Display: Initializing Sound Submixes...
[2020.07.15-13.13.54:688][717]LogAudioMixer: Display: Creating Master Submix 'MasterSubmixDefault'
[2020.07.15-13.13.54:702][717]LogAudioMixer: Display: Creating Master Submix 'MasterReverbSubmixDefault'
[2020.07.15-13.13.54:761][717]LogAudioMixer: Display: Creating Master Submix 'MasterEQSubmixDefault'
[2020.07.15-13.13.54:764][717]LogInit: FAudioDevice initialized.
[2020.07.15-13.13.55:129][717]LogLoad: Game class is 'GameModeBase'
[2020.07.15-13.13.55:291][717]LogWorld: Bringing World /Game/Maps/UEDPIE_0_SkyLand.SkyLand up for play (max tick rate 60) at 2020.07.15-15.13.55
[2020.07.15-13.13.55:310][717]LogWorld: Bringing up level for play took: 0.026288
[2020.07.15-13.13.55:332][717]LogOnline: OSS: Creating online subsystem instance for: :Context_1
[2020.07.15-13.13.55:758][717]LogContentBrowser: Native class hierarchy updated for 'MovieSceneCapture' in 0.0203 seconds. Added 20 classes and 0 folders.
[2020.07.15-13.13.56:014][717]PIE: Server logged in
[2020.07.15-13.13.56:027][717]PIE: Play in editor total start time 2,472 seconds.
[2020.07.15-13.15.10:966][525]LogSlate: Updating window title bar state: overlay mode, drag disabled, window buttons hidden, title bar hidden
[2020.07.15-13.15.10:966][525]LogWorld: BeginTearingDown for /Game/Maps/UEDPIE_0_SkyLand
[2020.07.15-13.15.10:976][525]LogWorld: UWorld::CleanupWorld for SkyLand, bSessionEnded=true, bCleanupResources=true
[2020.07.15-13.15.10:977][525]LogSlate: InvalidateAllWidgets triggered.  All widgets were invalidated
[2020.07.15-13.15.11:017][525]LogPlayLevel: Display: Shutting down PIE online subsystems
[2020.07.15-13.15.11:036][525]LogSlate: InvalidateAllWidgets triggered.  All widgets were invalidated
[2020.07.15-13.15.11:055][525]LogSlate: Updating window title bar state: overlay mode, drag disabled, window buttons hidden, title bar hidden
[2020.07.15-13.15.11:229][525]LogAISub: UAISubsystem::~UAISubsystem EnvQueryManager (0000017E0232FE00), frame # 3525
[2020.07.15-13.15.11:229][525]LogAISub: UAISubsystem::~UAISubsystem AIPerceptionSystem (0000017E00128A40), frame # 3525
[2020.07.15-13.15.11:238][525]LogUObjectHash: Compacting FUObjectHashTables data took   2.09ms
[2020.07.15-13.15.11:370][526]LogPlayLevel: Display: Destroying online subsystem :Context_1
[2020.07.15-13.15.29:534][910]LogEditorViewport: Clicking on Actor (LMB): SkyLight (SkyLight)
[2020.07.15-13.15.42:502][188]LogEditorViewport: Clicking on Actor (LMB): DirectionalLight (Light Source)
[2020.07.15-13.16.00:704][558]LogEditorViewport: Clicking on Actor (LMB): StaticMeshActor (Floor)
[2020.07.15-13.22.38:677][738]LogUObjectHash: Compacting FUObjectHashTables data took   1.77ms
[2020.07.15-13.22.39:282][738]LogSavePackage: Moving '../../../../../../GitHub/SkyLand_Wyspa_Mazen/Gra/SkyLand_Wyspa_mażeń/Saved/SkyLand_Auto1D84FB16C4BA35B78CD4C7195042D0815.tmp' to '../../../../../../GitHub/SkyLand_Wyspa_Mazen/Gra/SkyLand_Wyspa_mażeń/Saved/Autosaves/Game/Maps/SkyLand_Auto1.umap'
[2020.07.15-13.22.39:484][738]LogFileHelpers: Editor autosave (incl. sublevels) for '/Game/Maps/SkyLand' took 0.859
[2020.07.15-13.22.39:485][738]LogFileHelpers: Editor autosave (incl. sublevels) for all levels took 0.859
[2020.07.15-13.24.50:302][772]LogSlate: Window 'Project Settings' being destroyed
[2020.07.15-13.24.50:365][772]LogSlate: Window 'Project Settings' being destroyed
[2020.07.15-13.25.13:756][  2]LogSlate: Window 'Pick Parent Class' being destroyed
[2020.07.15-13.25.43:374][328]LogUObjectHash: Compacting FUObjectHashTables data took   2.80ms
[2020.07.15-13.25.43:380][328]LogMetaData: Removing '/Game/Blueprints/Player/Player.Player:UserConstructionScript.K2Node_FunctionEntry_0' ref from Metadata '/Game/Blueprints/Player/NewBlueprint.PackageMetaData'
[2020.07.15-13.25.43:380][328]LogMetaData: Removing '/Game/Blueprints/Player/Player.SKEL_Player_C' ref from Metadata '/Game/Blueprints/Player/NewBlueprint.PackageMetaData'
[2020.07.15-13.25.43:380][328]LogMetaData: Removing '/Game/Blueprints/Player/Player.Player_C' ref from Metadata '/Game/Blueprints/Player/NewBlueprint.PackageMetaData'
[2020.07.15-13.25.43:380][328]LogMetaData: Removing '/Game/Blueprints/Player/Player.Player:EventGraph.K2Node_Event_0' ref from Metadata '/Game/Blueprints/Player/NewBlueprint.PackageMetaData'
[2020.07.15-13.25.43:380][328]LogMetaData: Removing '/Game/Blueprints/Player/Player.Player:EventGraph.K2Node_Event_1' ref from Metadata '/Game/Blueprints/Player/NewBlueprint.PackageMetaData'
[2020.07.15-13.25.43:380][328]LogMetaData: Removing '/Game/Blueprints/Player/Player.Player:EventGraph.K2Node_Event_2' ref from Metadata '/Game/Blueprints/Player/NewBlueprint.PackageMetaData'
[2020.07.15-13.25.43:572][328]Cmd: OBJ SAVEPACKAGE PACKAGE="/Game/Blueprints/Player/Player" FILE="../../../../../../GitHub/SkyLand_Wyspa_Mazen/Gra/SkyLand_Wyspa_mażeń/Content/Blueprints/Player/Player.uasset" SILENT=true
[2020.07.15-13.25.43:906][328]LogSavePackage: Moving '../../../../../../GitHub/SkyLand_Wyspa_Mazen/Gra/SkyLand_Wyspa_mażeń/Saved/Player7A94E5EE4A54AF0A12E08FA433B4A4CB.tmp' to '../../../../../../GitHub/SkyLand_Wyspa_Mazen/Gra/SkyLand_Wyspa_mażeń/Content/Blueprints/Player/Player.uasset'
[2020.07.15-13.25.44:581][328]LogUObjectHash: Compacting FUObjectHashTables data took   2.39ms
[2020.07.15-13.25.44:638][328]LogUObjectHash: Compacting FUObjectHashTables data took   2.43ms
[2020.07.15-13.25.44:662][328]LogUObjectHash: Compacting FUObjectHashTables data took   0.75ms
[2020.07.15-13.25.45:400][328]AssetCheck: New page: Asset Save: Player
[2020.07.15-13.25.45:400][328]LogContentValidation: Display: Validating Blueprint /Game/Blueprints/Player/Player.Player
[2020.07.15-13.25.53:145][395]LogAssetEditorSubsystem: Opening Asset editor for Blueprint /Game/Blueprints/Player/Player.Player
[2020.07.15-13.25.55:569][395]LogContentBrowser: Native class hierarchy updated for 'BlueprintGraph' in 0.0323 seconds. Added 125 classes and 0 folders.
[2020.07.15-13.26.03:747][395]LogRenderer: Reallocating scene render targets to support 856x460 Format 10 NumSamples 1 (Frame:1).
[2020.07.15-13.27.19:437][628]LogSlate: Took 0.079493 seconds to synchronously load lazily loaded font '../../../Engine/Content/Slate/Fonts/Roboto-Italic.ttf' (157K)
[2020.07.15-13.33.39:126][496]LogUObjectHash: Compacting FUObjectHashTables data took  18.01ms
[2020.07.15-13.33.39:150][496]LogFileHelpers: Editor autosave (incl. sublevels) for '/Game/Maps/SkyLand' took 0.339
[2020.07.15-13.33.39:155][496]OBJ SavePackage: Generating thumbnails for [0] asset(s) in package [/Game/Blueprints/Player/Player] ([1] browsable assets)...
[2020.07.15-13.33.39:155][496]OBJ SavePackage: Finished generating thumbnails for package [/Game/Blueprints/Player/Player]
[2020.07.15-13.33.39:378][496]LogSavePackage: Moving '../../../../../../GitHub/SkyLand_Wyspa_Mazen/Gra/SkyLand_Wyspa_mażeń/Saved/Player_Auto20B96F1DD48C3903B7C7C308CFE9439BF.tmp' to '../../../../../../GitHub/SkyLand_Wyspa_Mazen/Gra/SkyLand_Wyspa_mażeń/Saved/Autosaves/Game/Blueprints/Player/Player_Auto2.uasset'
[2020.07.15-13.33.39:379][496]LogFileHelpers: Auto-saving content packages took 0.228
[2020.07.15-13.35.41:697][363]LogSlate: Took 0.034960 seconds to synchronously load lazily loaded font '../../../Engine/Content/Slate/Fonts/Roboto-BoldCondensed.ttf' (158K)
[2020.07.15-13.39.52:092][600]BlueprintLog: New page: Compile Player
[2020.07.15-13.39.52:376][600]LogUObjectHash: Compacting FUObjectHashTables data took   7.21ms
[2020.07.15-13.39.52:779][600]LogSlate: Took 0.124213 seconds to synchronously load lazily loaded font '../../../Engine/Content/Slate/Fonts/DroidSansMono.ttf' (77K)
[2020.07.15-13.40.13:859][872]LogSlate: Window 'Player' being destroyed
[2020.07.15-13.40.13:871][872]LogSlate: Window 'Player' being destroyed
[2020.07.15-13.40.13:971][872]LogWorld: UWorld::CleanupWorld for World_2, bSessionEnded=true, bCleanupResources=true
[2020.07.15-13.40.13:972][872]LogSlate: InvalidateAllWidgets triggered.  All widgets were invalidated
[2020.07.15-13.41.55:342][236]LogSlate: Window 'Create New GameMode' being destroyed
[2020.07.15-13.42.23:610][367]LogSlate: Prevented a slow task dialog from being summoned while a context menu was open
[2020.07.15-13.42.45:758][562]LogSlate: Window 'Project Settings' being destroyed
[2020.07.15-13.42.45:843][562]LogSlate: Window 'Project Settings' being destroyed
[2020.07.15-13.42.48:672][595]LogTemp: Repeating last play command: Selected Viewport
[2020.07.15-13.42.48:813][595]LogPlayLevel: PlayLevel: No blueprints needed recompiling
[2020.07.15-13.42.48:836][595]PIE: New page: PIE session: SkyLand (15 lip 2020, 17:42:48)
[2020.07.15-13.42.48:837][595]LogPlayLevel: Creating play world package: /Game/Maps/UEDPIE_0_SkyLand
[2020.07.15-13.42.48:908][595]LogPlayLevel: PIE: StaticDuplicateObject took: (0.070627s)
[2020.07.15-13.42.48:911][595]LogAIModule: Creating AISystem for world SkyLand
[2020.07.15-13.42.48:911][595]LogAISub: UAISubsystem::UAISubsystem EnvQueryManager (0000017E4345D200), frame # 17595
[2020.07.15-13.42.48:911][595]LogAISub: UAISubsystem::UAISubsystem AIPerceptionSystem (0000017E6770B380), frame # 17595
[2020.07.15-13.42.48:912][595]LogPlayLevel: PIE: World Init took: (0.003912s)
[2020.07.15-13.42.48:912][595]LogPlayLevel: PIE: Created PIE world by copying editor world from /Game/Maps/SkyLand.SkyLand to /Game/Maps/UEDPIE_0_SkyLand.SkyLand (0.075278s)
[2020.07.15-13.42.49:063][595]LogUObjectHash: Compacting FUObjectHashTables data took   6.15ms
[2020.07.15-13.42.49:291][595]LogAudioMixer: Display: Audio Mixer Platform Settings:
[2020.07.15-13.42.49:291][595]LogAudioMixer: Display: 	Sample Rate:						  48000
[2020.07.15-13.42.49:291][595]LogAudioMixer: Display: 	Callback Buffer Frame Size Requested: 1024
[2020.07.15-13.42.49:292][595]LogAudioMixer: Display: 	Callback Buffer Frame Size To Use:	  1024
[2020.07.15-13.42.49:292][595]LogAudioMixer: Display: 	Number of buffers to queue:			  2
[2020.07.15-13.42.49:292][595]LogAudioMixer: Display: 	Max Channels (voices):				  32
[2020.07.15-13.42.49:292][595]LogAudioMixer: Display: 	Number of Async Source Workers:		  0
[2020.07.15-13.42.49:292][595]LogAudio: Display: AudioDevice MaxSources: 32
[2020.07.15-13.42.49:293][595]LogAudio: Display: Using built-in audio occlusion.
[2020.07.15-13.42.49:294][595]LogAudioMixer: Display: Initializing audio mixer.
[2020.07.15-13.42.49:318][595]LogAudioMixer: Display: 0: FrontLeft
[2020.07.15-13.42.49:318][595]LogAudioMixer: Display: 1: FrontRight
[2020.07.15-13.42.49:435][595]LogAudioMixer: Display: Using Audio Device Głośnik/Słuchawki (2 — Realtek High Definition Audio)
[2020.07.15-13.42.49:436][595]LogAudioMixer: Display: Initializing Sound Submixes...
[2020.07.15-13.42.49:436][595]LogAudioMixer: Display: Creating Master Submix 'MasterSubmixDefault'
[2020.07.15-13.42.49:436][595]LogAudioMixer: Display: Creating Master Submix 'MasterReverbSubmixDefault'
[2020.07.15-13.42.49:474][595]LogAudioMixer: Display: Creating Master Submix 'MasterEQSubmixDefault'
[2020.07.15-13.42.49:514][595]LogInit: FAudioDevice initialized.
[2020.07.15-13.42.49:575][595]LogLoad: Game class is 'gamemode_C'
[2020.07.15-13.42.49:578][595]LogWorld: Bringing World /Game/Maps/UEDPIE_0_SkyLand.SkyLand up for play (max tick rate 60) at 2020.07.15-15.42.49
[2020.07.15-13.42.49:579][595]LogWorld: Bringing up level for play took: 0.002096
[2020.07.15-13.42.49:601][595]LogOnline: OSS: Creating online subsystem instance for: :Context_6
[2020.07.15-13.42.49:879][595]PIE: Server logged in
[2020.07.15-13.42.49:881][595]PIE: Play in editor total start time 1,102 seconds.
[2020.07.15-13.43.05:698][917]LogSlate: Updating window title bar state: overlay mode, drag disabled, window buttons hidden, title bar hidden
[2020.07.15-13.43.05:698][917]LogWorld: BeginTearingDown for /Game/Maps/UEDPIE_0_SkyLand
[2020.07.15-13.43.05:698][917]LogWorld: UWorld::CleanupWorld for SkyLand, bSessionEnded=true, bCleanupResources=true
[2020.07.15-13.43.05:699][917]LogSlate: InvalidateAllWidgets triggered.  All widgets were invalidated
[2020.07.15-13.43.05:739][917]LogPlayLevel: Display: Shutting down PIE online subsystems
[2020.07.15-13.43.05:752][917]LogSlate: InvalidateAllWidgets triggered.  All widgets were invalidated
[2020.07.15-13.43.05:917][917]LogSlate: Updating window title bar state: overlay mode, drag disabled, window buttons hidden, title bar hidden
[2020.07.15-13.43.05:941][917]LogAISub: UAISubsystem::~UAISubsystem AIPerceptionSystem (0000017E6770B380), frame # 17917
[2020.07.15-13.43.05:941][917]LogAISub: UAISubsystem::~UAISubsystem EnvQueryManager (0000017E4345D200), frame # 17917
[2020.07.15-13.43.05:949][917]LogUObjectHash: Compacting FUObjectHashTables data took   7.37ms
[2020.07.15-13.43.06:112][918]LogPlayLevel: Display: Destroying online subsystem :Context_6
[2020.07.15-13.44.00:211][532]LogUObjectHash: Compacting FUObjectHashTables data took   4.84ms
[2020.07.15-13.44.00:215][532]LogFileHelpers: Editor autosave (incl. sublevels) for '/Game/Maps/SkyLand' took 0.054
[2020.07.15-13.44.00:216][532]OBJ SavePackage: Generating thumbnails for [0] asset(s) in package [/Game/Blueprints/Player/Player] ([1] browsable assets)...
[2020.07.15-13.44.00:216][532]OBJ SavePackage: Finished generating thumbnails for package [/Game/Blueprints/Player/Player]
[2020.07.15-13.44.00:653][532]LogSavePackage: Moving '../../../../../../GitHub/SkyLand_Wyspa_Mazen/Gra/SkyLand_Wyspa_mażeń/Saved/Player_Auto3E00D3225450C03CA69AD4DB5ED10059E.tmp' to '../../../../../../GitHub/SkyLand_Wyspa_Mazen/Gra/SkyLand_Wyspa_mażeń/Saved/Autosaves/Game/Blueprints/Player/Player_Auto3.uasset'
[2020.07.15-13.44.00:667][532]OBJ SavePackage: Generating thumbnails for [0] asset(s) in package [/Game/Blueprints/Player/gamemode] ([1] browsable assets)...
[2020.07.15-13.44.00:667][532]OBJ SavePackage: Finished generating thumbnails for package [/Game/Blueprints/Player/gamemode]
[2020.07.15-13.44.00:702][532]LogSavePackage: Moving '../../../../../../GitHub/SkyLand_Wyspa_Mazen/Gra/SkyLand_Wyspa_mażeń/Saved/gamemode_Auto3413F28414887FFD702B3C7870137905B.tmp' to '../../../../../../GitHub/SkyLand_Wyspa_Mazen/Gra/SkyLand_Wyspa_mażeń/Saved/Autosaves/Game/Blueprints/Player/gamemode_Auto3.uasset'
[2020.07.15-13.44.00:706][532]LogFileHelpers: Auto-saving content packages took 0.490
[2020.07.15-13.46.11:515][ 94]LogAssetEditorSubsystem: Opening Asset editor for Blueprint /Game/Blueprints/Player/Player.Player
[2020.07.15-13.54.01:456][733]LogUObjectHash: Compacting FUObjectHashTables data took   8.06ms
[2020.07.15-13.54.01:993][733]LogFileHelpers: Editor autosave (incl. sublevels) for '/Game/Maps/SkyLand' took 0.637
[2020.07.15-13.54.01:997][733]OBJ SavePackage: Generating thumbnails for [0] asset(s) in package [/Game/Blueprints/Player/Player] ([1] browsable assets)...
[2020.07.15-13.54.01:997][733]OBJ SavePackage: Finished generating thumbnails for package [/Game/Blueprints/Player/Player]
[2020.07.15-13.54.04:348][733]LogSavePackage: Moving '../../../../../../GitHub/SkyLand_Wyspa_Mazen/Gra/SkyLand_Wyspa_mażeń/Saved/Player_Auto48A6CCB254F2DA7B5038D98B22EEE55E8.tmp' to '../../../../../../GitHub/SkyLand_Wyspa_Mazen/Gra/SkyLand_Wyspa_mażeń/Saved/Autosaves/Game/Blueprints/Player/Player_Auto4.uasset'
[2020.07.15-13.54.04:372][733]LogFileHelpers: Auto-saving content packages took 2.376
[2020.07.15-14.01.56:222][916]LogUObjectHash: Compacting FUObjectHashTables data took   6.97ms
[2020.07.15-14.01.56:538][916]Cmd: OBJ SAVEPACKAGE PACKAGE="/Game/Maps/SkyLand" FILE="../../../../../../GitHub/SkyLand_Wyspa_Mazen/Gra/SkyLand_Wyspa_mażeń/Content/Maps/SkyLand.umap" SILENT=true AUTOSAVING=false KEEPDIRTY=false
[2020.07.15-14.01.56:702][916]LogUObjectHash: Compacting FUObjectHashTables data took   1.67ms
[2020.07.15-14.01.58:114][916]LogSavePackage: Moving '../../../../../../GitHub/SkyLand_Wyspa_Mazen/Gra/SkyLand_Wyspa_mażeń/Saved/SkyLand1E9FC1874565D6F7CAD666B469DFA742.tmp' to '../../../../../../GitHub/SkyLand_Wyspa_Mazen/Gra/SkyLand_Wyspa_mażeń/Content/Maps/SkyLand.umap'
[2020.07.15-14.01.58:922][916]LogFileHelpers: Saving map 'SkyLand' took 2.385
[2020.07.15-14.01.58:923][916]Cmd: OBJ SAVEPACKAGE PACKAGE="/Game/Maps/SkyLand_BuiltData" FILE="../../../../../../GitHub/SkyLand_Wyspa_Mazen/Gra/SkyLand_Wyspa_mażeń/Content/Maps/SkyLand_BuiltData.uasset" SILENT=true
[2020.07.15-14.02.00:077][916]LogSavePackage: Moving '../../../../../../GitHub/SkyLand_Wyspa_Mazen/Gra/SkyLand_Wyspa_mażeń/Saved/SkyLand_BuiltData40F8A9544648B79AA8804EA356BDF88D.tmp' to '../../../../../../GitHub/SkyLand_Wyspa_Mazen/Gra/SkyLand_Wyspa_mażeń/Content/Maps/SkyLand_BuiltData.uasset'
[2020.07.15-14.02.00:096][916]Cmd: OBJ SAVEPACKAGE PACKAGE="/Game/Blueprints/Player/Player" FILE="../../../../../../GitHub/SkyLand_Wyspa_Mazen/Gra/SkyLand_Wyspa_mażeń/Content/Blueprints/Player/Player.uasset" SILENT=true
[2020.07.15-14.02.00:196][916]LogSavePackage: Moving '../../../../../../GitHub/SkyLand_Wyspa_Mazen/Gra/SkyLand_Wyspa_mażeń/Saved/Player9F3600674AB03E10CAFE6B80FDB286C3.tmp' to '../../../../../../GitHub/SkyLand_Wyspa_Mazen/Gra/SkyLand_Wyspa_mażeń/Content/Blueprints/Player/Player.uasset'
[2020.07.15-14.02.00:221][916]Cmd: OBJ SAVEPACKAGE PACKAGE="/Game/Blueprints/Player/gamemode" FILE="../../../../../../GitHub/SkyLand_Wyspa_Mazen/Gra/SkyLand_Wyspa_mażeń/Content/Blueprints/Player/gamemode.uasset" SILENT=true
[2020.07.15-14.02.00:257][916]LogSavePackage: Moving '../../../../../../GitHub/SkyLand_Wyspa_Mazen/Gra/SkyLand_Wyspa_mażeń/Saved/gamemodeDFD0EC8840D074FEEC984FB30BDB2B07.tmp' to '../../../../../../GitHub/SkyLand_Wyspa_Mazen/Gra/SkyLand_Wyspa_mażeń/Content/Blueprints/Player/gamemode.uasset'
[2020.07.15-14.02.00:719][916]AssetCheck: New page: Asset Save: multiple assets
[2020.07.15-14.02.00:720][916]LogContentValidation: Display: Validating World /Game/Maps/SkyLand.SkyLand
[2020.07.15-14.02.00:720][916]LogContentValidation: Display: Validating MapBuildDataRegistry /Game/Maps/SkyLand_BuiltData.SkyLand_BuiltData
[2020.07.15-14.02.00:720][916]LogContentValidation: Display: Validating Blueprint /Game/Blueprints/Player/Player.Player
[2020.07.15-14.02.00:737][916]LogContentValidation: Display: Validating Blueprint /Game/Blueprints/Player/gamemode.gamemode
[2020.07.15-14.02.02:634][942]LogSlate: Window 'Player' being destroyed
[2020.07.15-14.02.02:713][942]LogSlate: Window 'Player' being destroyed
[2020.07.15-14.02.02:714][942]LogWorld: UWorld::CleanupWorld for World_4, bSessionEnded=true, bCleanupResources=true
[2020.07.15-14.02.02:715][942]LogSlate: InvalidateAllWidgets triggered.  All widgets were invalidated
[2020.07.15-14.02.05:028][977]LogUObjectHash: Compacting FUObjectHashTables data took   8.20ms
[2020.07.15-14.02.05:886][977]LogSlate: Window 'SkyLand_Wyspa_mażeń - Unreal Editor' being destroyed
[2020.07.15-14.02.05:947][977]LogWindowsTextInputMethodSystem: Display: IME system now deactivated.
[2020.07.15-14.02.09:988][978]Cmd: QUIT_EDITOR
[2020.07.15-14.02.09:988][978]LogCore: Engine exit requested (reason: UUnrealEdEngine::CloseEditor())
[2020.07.15-14.02.10:348][978]LogCore: Engine exit requested (reason: EngineExit() was called; note: exit was already requested)
[2020.07.15-14.02.15:248][978]LogExit: Preparing to exit.
[2020.07.15-14.02.21:441][978]LogWorld: UWorld::CleanupWorld for World_3, bSessionEnded=true, bCleanupResources=true
[2020.07.15-14.02.21:449][978]LogWorld: UWorld::CleanupWorld for World_1, bSessionEnded=true, bCleanupResources=true
[2020.07.15-14.02.21:476][978]LogWorld: UWorld::CleanupWorld for World_0, bSessionEnded=true, bCleanupResources=true
[2020.07.15-14.02.26:267][978]LogDemo: Cleaned up 0 splitscreen connections with owner deletion
[2020.07.15-14.02.28:771][978]LogWorld: UWorld::CleanupWorld for None, bSessionEnded=true, bCleanupResources=true
[2020.07.15-14.02.28:810][978]LogExit: Editor shut down
[2020.07.15-14.02.29:190][978]LogExit: Transaction tracking system shut down
[2020.07.15-14.02.49:759][978]LogAISub: UAISubsystem::~UAISubsystem AISubsystem (0000017E42511380), frame # 22978
[2020.07.15-14.02.49:760][978]LogAISub: UAISubsystem::~UAISubsystem AIPerceptionSystem (0000017E42425E40), frame # 22978
[2020.07.15-14.02.49:785][978]LogAISub: UAISubsystem::~UAISubsystem EnvQueryManager (0000017E42475C00), frame # 22978
[2020.07.15-14.03.02:273][978]LogAISub: UAISubsystem::~UAISubsystem AIPerceptionSystem (0000017E0012B740), frame # 22978
[2020.07.15-14.03.02:273][978]LogAISub: UAISubsystem::~UAISubsystem EnvQueryManager (0000017E485DE400), frame # 22978
[2020.07.15-14.03.07:081][978]LogExit: Object subsystem successfully closed.
[2020.07.15-14.03.08:070][978]LogShaderCompilers: Display: Shaders left to compile 0
[2020.07.15-14.03.25:614][978]LogModuleManager: Shutting down and abandoning module BlueprintGraph (800)
[2020.07.15-14.03.25:642][978]LogModuleManager: Shutting down and abandoning module ExternalImagePicker (798)
[2020.07.15-14.03.25:642][978]LogModuleManager: Shutting down and abandoning module MovieSceneCapture (796)
[2020.07.15-14.03.25:659][978]LogModuleManager: Shutting down and abandoning module Voice (794)
[2020.07.15-14.03.25:672][978]LogModuleManager: Shutting down and abandoning module HierarchicalLODOutliner (792)
[2020.07.15-14.03.25:717][978]LogModuleManager: Shutting down and abandoning module SceneOutliner (790)
[2020.07.15-14.03.25:717][978]LogModuleManager: Shutting down and abandoning module AddContentDialog (788)
